scheduler: MultiStepLR
label smoothing: 0.4
weight average: True, tau: 0.9995


============ Epoch 0 ============
Training time: 42.98
Training loss: 2.4913
Training accuracy: 0.1886

============ Epoch 1 ============
Training time: 42.23
Training loss: 2.2156
Training accuracy: 0.2599

============ Epoch 2 ============
Training time: 42.27
Training loss: 2.1928
Training accuracy: 0.2900

============ Epoch 3 ============
Training time: 41.90
Training loss: 2.1744
Training accuracy: 0.3165

============ Epoch 4 ============
Training time: 40.01
Training loss: 2.1573
Training accuracy: 0.3443

============ Epoch 5 ============
Training time: 43.09
Training loss: 2.1404
Training accuracy: 0.3702

============ Epoch 6 ============
Training time: 39.17
Training loss: 2.1261
Training accuracy: 0.3891

============ Epoch 7 ============
Training time: 42.44
Training loss: 2.1129
Training accuracy: 0.4094

============ Epoch 8 ============
Training time: 43.16
Training loss: 2.0999
Training accuracy: 0.4299

============ Epoch 9 ============
Training time: 42.86
Training loss: 2.0892
Training accuracy: 0.4464

============ Epoch 10 ============
Training time: 42.84
Training loss: 2.0798
Training accuracy: 0.4574

============ Epoch 11 ============
Training time: 43.39
Training loss: 2.0725
Training accuracy: 0.4676

============ Epoch 12 ============
Training time: 42.78
Training loss: 2.0663
Training accuracy: 0.4801

============ Epoch 13 ============
Training time: 42.35
Training loss: 2.0603
Training accuracy: 0.4848

============ Epoch 14 ============
Training time: 42.95
Training loss: 2.0567
Training accuracy: 0.4904

============ Epoch 15 ============
Training time: 42.72
Training loss: 2.0514
Training accuracy: 0.4975

============ Epoch 16 ============
Training time: 42.01
Training loss: 2.0493
Training accuracy: 0.5009

============ Epoch 17 ============
Training time: 41.52
Training loss: 2.0451
Training accuracy: 0.5061

============ Epoch 18 ============
Training time: 42.74
Training loss: 2.0419
Training accuracy: 0.5120

============ Epoch 19 ============
Training time: 42.99
Training loss: 2.0380
Training accuracy: 0.5135

============ Epoch 20 ============
Training time: 41.97
Training loss: 2.0360
Training accuracy: 0.5203

============ Epoch 21 ============
Training time: 42.83
Training loss: 2.0329
Training accuracy: 0.5252

============ Epoch 22 ============
Training time: 42.63
Training loss: 2.0304
Training accuracy: 0.5277

============ Epoch 23 ============
Training time: 43.11
Training loss: 2.0282
Training accuracy: 0.5281

============ Epoch 24 ============
Training time: 42.68
Training loss: 2.0254
Training accuracy: 0.5310

============ Epoch 25 ============
Training time: 41.61
Training loss: 2.0234
Training accuracy: 0.5354

============ Epoch 26 ============
Training time: 42.67
Training loss: 2.0210
Training accuracy: 0.5379

============ Epoch 27 ============
Training time: 42.78
Training loss: 2.0204
Training accuracy: 0.5379

============ Epoch 28 ============
Training time: 42.83
Training loss: 2.0194
Training accuracy: 0.5392

============ Epoch 29 ============
Training time: 42.72
Training loss: 2.0158
Training accuracy: 0.5422

============ Epoch 30 ============
Training time: 43.03
Training loss: 2.0139
Training accuracy: 0.5457

============ Epoch 31 ============
Training time: 42.55
Training loss: 2.0131
Training accuracy: 0.5475

============ Epoch 32 ============
Training time: 40.33
Training loss: 2.0127
Training accuracy: 0.5463

============ Epoch 33 ============
Training time: 40.15
Training loss: 2.0102
Training accuracy: 0.5494

============ Epoch 34 ============
Training time: 43.51
Training loss: 2.0081
Training accuracy: 0.5517

============ Epoch 35 ============
Training time: 43.55
Training loss: 2.0073
Training accuracy: 0.5554

============ Epoch 36 ============
Training time: 41.68
Training loss: 2.0069
Training accuracy: 0.5517

============ Epoch 37 ============
Training time: 43.23
Training loss: 2.0057
Training accuracy: 0.5525

============ Epoch 38 ============
Training time: 43.26
Training loss: 2.0048
Training accuracy: 0.5546

============ Epoch 39 ============
Training time: 43.82
Training loss: 2.0017
Training accuracy: 0.5593

============ Epoch 40 ============
Training time: 41.59
Training loss: 2.0023
Training accuracy: 0.5585

============ Epoch 41 ============
Training time: 43.04
Training loss: 2.0032
Training accuracy: 0.5555

============ Epoch 42 ============
Training time: 42.53
Training loss: 1.9998
Training accuracy: 0.5613

============ Epoch 43 ============
Training time: 41.77
Training loss: 2.0021
Training accuracy: 0.5577

============ Epoch 44 ============
Training time: 38.52
Training loss: 1.9996
Training accuracy: 0.5620

============ Epoch 45 ============
Training time: 42.99
Training loss: 1.9983
Training accuracy: 0.5632

============ Epoch 46 ============
Training time: 41.05
Training loss: 1.9967
Training accuracy: 0.5649

============ Epoch 47 ============
Training time: 42.75
Training loss: 1.9975
Training accuracy: 0.5643

============ Epoch 48 ============
Training time: 41.89
Training loss: 1.9961
Training accuracy: 0.5656

============ Epoch 49 ============
Training time: 42.86
Training loss: 1.9966
Training accuracy: 0.5654

============ Epoch 50 ============
Training time: 42.85
Training loss: 1.9952
Training accuracy: 0.5658

============ Epoch 51 ============
Training time: 42.63
Training loss: 1.9943
Training accuracy: 0.5667

============ Epoch 52 ============
Training time: 41.86
Training loss: 1.9935
Training accuracy: 0.5689

============ Epoch 53 ============
Training time: 41.72
Training loss: 1.9958
Training accuracy: 0.5685

============ Epoch 54 ============
Training time: 39.58
Training loss: 1.9937
Training accuracy: 0.5680

============ Epoch 55 ============
Training time: 41.33
Training loss: 1.9934
Training accuracy: 0.5669

============ Epoch 56 ============
Training time: 42.70
Training loss: 1.9918
Training accuracy: 0.5692

============ Epoch 57 ============
Training time: 43.00
Training loss: 1.9929
Training accuracy: 0.5702

============ Epoch 58 ============
Training time: 42.85
Training loss: 1.9938
Training accuracy: 0.5667

============ Epoch 59 ============
Training time: 42.85
Training loss: 1.9919
Training accuracy: 0.5709

============ Epoch 60 ============
Training time: 42.83
Training loss: 1.9923
Training accuracy: 0.5688

============ Epoch 61 ============
Training time: 43.04
Training loss: 1.9906
Training accuracy: 0.5715

============ Epoch 62 ============
Training time: 43.01
Training loss: 1.9897
Training accuracy: 0.5722

============ Epoch 63 ============
Training time: 42.48
Training loss: 1.9901
Training accuracy: 0.5701

============ Epoch 64 ============
Training time: 42.19
Training loss: 1.9892
Training accuracy: 0.5743

============ Epoch 65 ============
Training time: 41.21
Training loss: 1.9900
Training accuracy: 0.5735

============ Epoch 66 ============
Training time: 42.58
Training loss: 1.9893
Training accuracy: 0.5736

============ Epoch 67 ============
Training time: 42.04
Training loss: 1.9883
Training accuracy: 0.5735

============ Epoch 68 ============
Training time: 42.87
Training loss: 1.9890
Training accuracy: 0.5726

============ Epoch 69 ============
Training time: 38.24
Training loss: 1.9888
Training accuracy: 0.5742

============ Epoch 70 ============
Training time: 42.25
Training loss: 1.9875
Training accuracy: 0.5738

============ Epoch 71 ============
Training time: 43.35
Training loss: 1.9869
Training accuracy: 0.5763

============ Epoch 72 ============
Training time: 41.29
Training loss: 1.9890
Training accuracy: 0.5748

============ Epoch 73 ============
Training time: 43.02
Training loss: 1.9886
Training accuracy: 0.5716

============ Epoch 74 ============
Training time: 42.54
Training loss: 1.9870
Training accuracy: 0.5765

============ Epoch 75 ============
Training time: 42.08
Training loss: 1.9873
Training accuracy: 0.5746

============ Epoch 76 ============
Training time: 42.75
Training loss: 1.9871
Training accuracy: 0.5766

============ Epoch 77 ============
Training time: 42.81
Training loss: 1.9853
Training accuracy: 0.5762

============ Epoch 78 ============
Training time: 42.32
Training loss: 1.9850
Training accuracy: 0.5768

============ Epoch 79 ============
Training time: 42.86
Training loss: 1.9859
Training accuracy: 0.5774

============ Epoch 80 ============
Training time: 43.48
Training loss: 1.9835
Training accuracy: 0.5773

============ Epoch 81 ============
Training time: 42.78
Training loss: 1.9848
Training accuracy: 0.5766

============ Epoch 82 ============
Training time: 42.72
Training loss: 1.9854
Training accuracy: 0.5780

============ Epoch 83 ============
Training time: 42.56
Training loss: 1.9846
Training accuracy: 0.5796

============ Epoch 84 ============
Training time: 42.76
Training loss: 1.9837
Training accuracy: 0.5800

============ Epoch 85 ============
Training time: 41.66
Training loss: 1.9836
Training accuracy: 0.5789

============ Epoch 86 ============
Training time: 43.36
Training loss: 1.9841
Training accuracy: 0.5792

============ Epoch 87 ============
Training time: 40.00
Training loss: 1.9832
Training accuracy: 0.5804

============ Epoch 88 ============
Training time: 42.52
Training loss: 1.9844
Training accuracy: 0.5778

============ Epoch 89 ============
Training time: 43.16
Training loss: 1.9820
Training accuracy: 0.5793

============ Epoch 90 ============
Training time: 42.62
Training loss: 1.9832
Training accuracy: 0.5809
Test time: 24.00
Test accuracy: 0.7436
FGSM accuracy: 0.5667
PGD accuracy: 0.5497

============ Epoch 91 ============
Training time: 42.32
Training loss: 1.9815
Training accuracy: 0.5831
Test time: 24.06
Test accuracy: 0.7432
FGSM accuracy: 0.5657
PGD accuracy: 0.5501

============ Epoch 92 ============
Training time: 41.53
Training loss: 1.9817
Training accuracy: 0.5828
Test time: 24.04
Test accuracy: 0.7438
FGSM accuracy: 0.5658
PGD accuracy: 0.5490

============ Epoch 93 ============
Training time: 40.13
Training loss: 1.9824
Training accuracy: 0.5803
Test time: 24.08
Test accuracy: 0.7445
FGSM accuracy: 0.5658
PGD accuracy: 0.5490

============ Epoch 94 ============
Training time: 42.27
Training loss: 1.9839
Training accuracy: 0.5797
Test time: 23.88
Test accuracy: 0.7433
FGSM accuracy: 0.5661
PGD accuracy: 0.5481

============ Epoch 95 ============
Training time: 41.93
Training loss: 1.9806
Training accuracy: 0.5840
Test time: 23.74
Test accuracy: 0.7445
FGSM accuracy: 0.5670
PGD accuracy: 0.5494

============ Epoch 96 ============
Training time: 42.51
Training loss: 1.9821
Training accuracy: 0.5805
Test time: 24.06
Test accuracy: 0.7452
FGSM accuracy: 0.5682
PGD accuracy: 0.5505

============ Epoch 97 ============
Training time: 42.15
Training loss: 1.9816
Training accuracy: 0.5809
Test time: 23.73
Test accuracy: 0.7452
FGSM accuracy: 0.5681
PGD accuracy: 0.5502

============ Epoch 98 ============
Training time: 42.39
Training loss: 1.9821
Training accuracy: 0.5805
Test time: 24.05
Test accuracy: 0.7441
FGSM accuracy: 0.5675
PGD accuracy: 0.5493

============ Epoch 99 ============
Training time: 42.63
Training loss: 1.9816
Training accuracy: 0.5822
Test time: 24.02
Test accuracy: 0.7450
FGSM accuracy: 0.5662
PGD accuracy: 0.5490

============ Epoch 100 ============
Training time: 42.76
Training loss: 1.9102
Training accuracy: 0.6528
Test time: 24.07
Test accuracy: 0.7506
FGSM accuracy: 0.5692
PGD accuracy: 0.5513

============ Epoch 101 ============
Training time: 42.58
Training loss: 1.8855
Training accuracy: 0.6768
Test time: 24.05
Test accuracy: 0.7583
FGSM accuracy: 0.5738
PGD accuracy: 0.5523

============ Epoch 102 ============
Training time: 42.88
Training loss: 1.8747
Training accuracy: 0.6879
Test time: 24.17
Test accuracy: 0.7646
FGSM accuracy: 0.5765
PGD accuracy: 0.5540

============ Epoch 103 ============
Training time: 43.76
Training loss: 1.8662
Training accuracy: 0.6999
Test time: 24.25
Test accuracy: 0.7693
FGSM accuracy: 0.5791
PGD accuracy: 0.5572

============ Epoch 104 ============
Training time: 40.41
Training loss: 1.8607
Training accuracy: 0.7066
Test time: 23.83
Test accuracy: 0.7753
FGSM accuracy: 0.5821
PGD accuracy: 0.5586

============ Epoch 105 ============
Training time: 42.11
Training loss: 1.8447
Training accuracy: 0.7201
Test time: 23.91
Test accuracy: 0.7799
FGSM accuracy: 0.5844
PGD accuracy: 0.5590

============ Epoch 106 ============
Training time: 41.59
Training loss: 1.8379
Training accuracy: 0.7246
Test time: 23.90
Test accuracy: 0.7845
FGSM accuracy: 0.5853
PGD accuracy: 0.5626

============ Epoch 107 ============
Training time: 35.81
Training loss: 1.8356
Training accuracy: 0.7286
Test time: 21.26
Test accuracy: 0.7897
FGSM accuracy: 0.5876
PGD accuracy: 0.5623

============ Epoch 108 ============
Training time: 42.34
Training loss: 1.8343
Training accuracy: 0.7289
Test time: 23.99
Test accuracy: 0.7935
FGSM accuracy: 0.5905
PGD accuracy: 0.5618

============ Epoch 109 ============
Training time: 37.30
Training loss: 1.8332
Training accuracy: 0.7297
Test time: 24.08
Test accuracy: 0.7955
FGSM accuracy: 0.5918
PGD accuracy: 0.5616

train_acc_list: 
[0.18864, 0.25988, 0.28998, 0.31646, 0.34432, 0.37024, 0.3891, 0.40944, 0.42986, 0.44638, 0.45738, 0.46764, 0.48012, 0.48478, 0.49038, 0.4975, 0.50092, 0.50612, 0.51198, 0.51352, 0.52026, 0.52522, 0.52766, 0.52812, 0.531, 0.53544, 0.5379, 0.5379, 0.5392, 0.54222, 0.54566, 0.5475, 0.54632, 0.54942, 0.55166, 0.55544, 0.55166, 0.55254, 0.55458, 0.5593, 0.55846, 0.5555, 0.5613, 0.55772, 0.562, 0.56318, 0.56486, 0.56428, 0.5656, 0.56542, 0.5658, 0.56666, 0.56886, 0.56852, 0.568, 0.56694, 0.56916, 0.57022, 0.56666, 0.57086, 0.5688, 0.57146, 0.57216, 0.57006, 0.57434, 0.57354, 0.57362, 0.57348, 0.57256, 0.5742, 0.57382, 0.5763, 0.57476, 0.57156, 0.57648, 0.57456, 0.57662, 0.57624, 0.57684, 0.57738, 0.57728, 0.57656, 0.57796, 0.5796, 0.57996, 0.5789, 0.57916, 0.58042, 0.57776, 0.57934, 0.58086, 0.5831, 0.5828, 0.58034, 0.57966, 0.58402, 0.58046, 0.58088, 0.58048, 0.58216, 0.65282, 0.67684, 0.68792, 0.69986, 0.70662, 0.7201, 0.72458, 0.7286, 0.72888, 0.72974]

test_acc_list: 
[0.7436, 0.7432, 0.7438, 0.7445, 0.7433, 0.7445, 0.7452, 0.7452, 0.7441, 0.745, 0.7506, 0.7583, 0.7646, 0.7693, 0.7753, 0.7799, 0.7845, 0.7897, 0.7935, 0.7955]

pgd_acc_list: 
[0.5497, 0.5501, 0.549, 0.549, 0.5481, 0.5494, 0.5505, 0.5502, 0.5493, 0.549, 0.5513, 0.5523, 0.554, 0.5572, 0.5586, 0.559, 0.5626, 0.5623, 0.5618, 0.5616]

fgsm_acc_list: 
[0.5667, 0.5657, 0.5658, 0.5658, 0.5661, 0.567, 0.5682, 0.5681, 0.5675, 0.5662, 0.5692, 0.5738, 0.5765, 0.5791, 0.5821, 0.5844, 0.5853, 0.5876, 0.5905, 0.5918]

total_training_time: 
4640.474407911301

total_test_time: 
477.13911056518555

