scheduler: MultiStepLR
label smoothing: 0.4
weight average: True, tau: 0.9995
uap num: 200


============ Epoch 0 ============
Training time: 52.69
Training loss: 4.5500
Training accuracy: 0.0462

============ Epoch 1 ============
Training time: 52.56
Training loss: 4.4255
Training accuracy: 0.0824

============ Epoch 2 ============
Training time: 49.78
Training loss: 4.3676
Training accuracy: 0.1076

============ Epoch 3 ============
Training time: 50.59
Training loss: 4.3159
Training accuracy: 0.1308

============ Epoch 4 ============
Training time: 53.29
Training loss: 4.2716
Training accuracy: 0.1499

============ Epoch 5 ============
Training time: 53.84
Training loss: 4.2276
Training accuracy: 0.1746

============ Epoch 6 ============
Training time: 54.63
Training loss: 4.1934
Training accuracy: 0.1900

============ Epoch 7 ============
Training time: 54.83
Training loss: 4.1612
Training accuracy: 0.2080

============ Epoch 8 ============
Training time: 55.01
Training loss: 4.1309
Training accuracy: 0.2192

============ Epoch 9 ============
Training time: 55.10
Training loss: 4.1085
Training accuracy: 0.2325

============ Epoch 10 ============
Training time: 54.32
Training loss: 4.0864
Training accuracy: 0.2430

============ Epoch 11 ============
Training time: 54.32
Training loss: 4.0701
Training accuracy: 0.2517

============ Epoch 12 ============
Training time: 55.24
Training loss: 4.0560
Training accuracy: 0.2578

============ Epoch 13 ============
Training time: 55.13
Training loss: 4.0408
Training accuracy: 0.2670

============ Epoch 14 ============
Training time: 54.41
Training loss: 4.0306
Training accuracy: 0.2706

============ Epoch 15 ============
Training time: 55.24
Training loss: 4.0215
Training accuracy: 0.2764

============ Epoch 16 ============
Training time: 54.44
Training loss: 4.0073
Training accuracy: 0.2818

============ Epoch 17 ============
Training time: 56.03
Training loss: 4.0016
Training accuracy: 0.2835

============ Epoch 18 ============
Training time: 55.43
Training loss: 3.9927
Training accuracy: 0.2889

============ Epoch 19 ============
Training time: 56.55
Training loss: 3.9836
Training accuracy: 0.2950

============ Epoch 20 ============
Training time: 56.35
Training loss: 3.9746
Training accuracy: 0.3001

============ Epoch 21 ============
Training time: 55.12
Training loss: 3.9676
Training accuracy: 0.3020

============ Epoch 22 ============
Training time: 55.61
Training loss: 3.9627
Training accuracy: 0.3062

============ Epoch 23 ============
Training time: 56.92
Training loss: 3.9555
Training accuracy: 0.3093

============ Epoch 24 ============
Training time: 54.65
Training loss: 3.9497
Training accuracy: 0.3127

============ Epoch 25 ============
Training time: 53.71
Training loss: 3.9497
Training accuracy: 0.3111

============ Epoch 26 ============
Training time: 55.19
Training loss: 3.9403
Training accuracy: 0.3153

============ Epoch 27 ============
Training time: 55.09
Training loss: 3.9377
Training accuracy: 0.3172

============ Epoch 28 ============
Training time: 54.34
Training loss: 3.9314
Training accuracy: 0.3208

============ Epoch 29 ============
Training time: 55.55
Training loss: 3.9279
Training accuracy: 0.3237

============ Epoch 30 ============
Training time: 54.88
Training loss: 3.9223
Training accuracy: 0.3258

============ Epoch 31 ============
Training time: 54.93
Training loss: 3.9216
Training accuracy: 0.3267

============ Epoch 32 ============
Training time: 54.89
Training loss: 3.9161
Training accuracy: 0.3292

============ Epoch 33 ============
Training time: 55.21
Training loss: 3.9168
Training accuracy: 0.3293

============ Epoch 34 ============
Training time: 55.41
Training loss: 3.9119
Training accuracy: 0.3321

============ Epoch 35 ============
Training time: 55.55
Training loss: 3.9087
Training accuracy: 0.3317

============ Epoch 36 ============
Training time: 53.09
Training loss: 3.9043
Training accuracy: 0.3366

============ Epoch 37 ============
Training time: 54.81
Training loss: 3.9039
Training accuracy: 0.3330

============ Epoch 38 ============
Training time: 52.81
Training loss: 3.8985
Training accuracy: 0.3397

============ Epoch 39 ============
Training time: 55.37
Training loss: 3.8983
Training accuracy: 0.3378

============ Epoch 40 ============
Training time: 56.53
Training loss: 3.8966
Training accuracy: 0.3410

============ Epoch 41 ============
Training time: 53.45
Training loss: 3.8934
Training accuracy: 0.3412

============ Epoch 42 ============
Training time: 55.76
Training loss: 3.8901
Training accuracy: 0.3425

============ Epoch 43 ============
Training time: 55.53
Training loss: 3.8899
Training accuracy: 0.3447

============ Epoch 44 ============
Training time: 53.97
Training loss: 3.8858
Training accuracy: 0.3446

============ Epoch 45 ============
Training time: 54.67
Training loss: 3.8875
Training accuracy: 0.3458

============ Epoch 46 ============
Training time: 55.52
Training loss: 3.8836
Training accuracy: 0.3455

============ Epoch 47 ============
Training time: 54.14
Training loss: 3.8806
Training accuracy: 0.3489

============ Epoch 48 ============
Training time: 53.58
Training loss: 3.8800
Training accuracy: 0.3466

============ Epoch 49 ============
Training time: 53.76
Training loss: 3.8797
Training accuracy: 0.3501

============ Epoch 50 ============
Training time: 54.28
Training loss: 3.8765
Training accuracy: 0.3481

============ Epoch 51 ============
Training time: 55.97
Training loss: 3.8746
Training accuracy: 0.3480

============ Epoch 52 ============
Training time: 54.67
Training loss: 3.8735
Training accuracy: 0.3518

============ Epoch 53 ============
Training time: 57.14
Training loss: 3.8740
Training accuracy: 0.3532

============ Epoch 54 ============
Training time: 56.42
Training loss: 3.8725
Training accuracy: 0.3490

============ Epoch 55 ============
Training time: 57.03
Training loss: 3.8707
Training accuracy: 0.3513

============ Epoch 56 ============
Training time: 56.82
Training loss: 3.8686
Training accuracy: 0.3511

============ Epoch 57 ============
Training time: 56.12
Training loss: 3.8687
Training accuracy: 0.3525

============ Epoch 58 ============
Training time: 56.76
Training loss: 3.8660
Training accuracy: 0.3541

============ Epoch 59 ============
Training time: 56.17
Training loss: 3.8645
Training accuracy: 0.3572

============ Epoch 60 ============
Training time: 56.61
Training loss: 3.8624
Training accuracy: 0.3561

============ Epoch 61 ============
Training time: 56.71
Training loss: 3.8632
Training accuracy: 0.3538

============ Epoch 62 ============
Training time: 56.63
Training loss: 3.8605
Training accuracy: 0.3594

============ Epoch 63 ============
Training time: 56.82
Training loss: 3.8603
Training accuracy: 0.3570

============ Epoch 64 ============
Training time: 56.79
Training loss: 3.8605
Training accuracy: 0.3576

============ Epoch 65 ============
Training time: 56.80
Training loss: 3.8572
Training accuracy: 0.3594

============ Epoch 66 ============
Training time: 56.40
Training loss: 3.8552
Training accuracy: 0.3610

============ Epoch 67 ============
Training time: 56.67
Training loss: 3.8578
Training accuracy: 0.3595

============ Epoch 68 ============
Training time: 54.44
Training loss: 3.8546
Training accuracy: 0.3601

============ Epoch 69 ============
Training time: 55.97
Training loss: 3.8541
Training accuracy: 0.3618

============ Epoch 70 ============
Training time: 56.99
Training loss: 3.8555
Training accuracy: 0.3635

============ Epoch 71 ============
Training time: 56.85
Training loss: 3.8510
Training accuracy: 0.3604

============ Epoch 72 ============
Training time: 55.46
Training loss: 3.8500
Training accuracy: 0.3626

============ Epoch 73 ============
Training time: 55.18
Training loss: 3.8515
Training accuracy: 0.3622

============ Epoch 74 ============
Training time: 55.82
Training loss: 3.8489
Training accuracy: 0.3636

============ Epoch 75 ============
Training time: 53.32
Training loss: 3.8474
Training accuracy: 0.3641

============ Epoch 76 ============
Training time: 55.41
Training loss: 3.8475
Training accuracy: 0.3635

============ Epoch 77 ============
Training time: 55.18
Training loss: 3.8471
Training accuracy: 0.3636

============ Epoch 78 ============
Training time: 56.16
Training loss: 3.8486
Training accuracy: 0.3632

============ Epoch 79 ============
Training time: 56.20
Training loss: 3.8477
Training accuracy: 0.3634

============ Epoch 80 ============
Training time: 56.65
Training loss: 3.8460
Training accuracy: 0.3664

============ Epoch 81 ============
Training time: 53.68
Training loss: 3.8473
Training accuracy: 0.3626

============ Epoch 82 ============
Training time: 55.71
Training loss: 3.8462
Training accuracy: 0.3643

============ Epoch 83 ============
Training time: 54.72
Training loss: 3.8440
Training accuracy: 0.3653

============ Epoch 84 ============
Training time: 54.22
Training loss: 3.8464
Training accuracy: 0.3625

============ Epoch 85 ============
Training time: 53.87
Training loss: 3.8416
Training accuracy: 0.3673

============ Epoch 86 ============
Training time: 53.42
Training loss: 3.8438
Training accuracy: 0.3671

============ Epoch 87 ============
Training time: 54.49
Training loss: 3.8434
Training accuracy: 0.3644

============ Epoch 88 ============
Training time: 56.37
Training loss: 3.8401
Training accuracy: 0.3665

============ Epoch 89 ============
Training time: 56.70
Training loss: 3.8439
Training accuracy: 0.3672

============ Epoch 90 ============
Training time: 56.56
Training loss: 3.8399
Training accuracy: 0.3686
Test time: 24.99
Test accuracy: 0.5370
FGSM accuracy: 0.3333
PGD accuracy: 0.3192

============ Epoch 91 ============
Training time: 55.73
Training loss: 3.8417
Training accuracy: 0.3659
Test time: 23.18
Test accuracy: 0.5378
FGSM accuracy: 0.3328
PGD accuracy: 0.3191

============ Epoch 92 ============
Training time: 55.53
Training loss: 3.8399
Training accuracy: 0.3655
Test time: 24.98
Test accuracy: 0.5383
FGSM accuracy: 0.3329
PGD accuracy: 0.3206

============ Epoch 93 ============
Training time: 56.31
Training loss: 3.8372
Training accuracy: 0.3664
Test time: 24.59
Test accuracy: 0.5387
FGSM accuracy: 0.3336
PGD accuracy: 0.3200

============ Epoch 94 ============
Training time: 56.56
Training loss: 3.8413
Training accuracy: 0.3681
Test time: 25.15
Test accuracy: 0.5380
FGSM accuracy: 0.3338
PGD accuracy: 0.3208

============ Epoch 95 ============
Training time: 56.65
Training loss: 3.8366
Training accuracy: 0.3704
Test time: 24.75
Test accuracy: 0.5383
FGSM accuracy: 0.3333
PGD accuracy: 0.3223

============ Epoch 96 ============
Training time: 54.72
Training loss: 3.8405
Training accuracy: 0.3686
Test time: 23.73
Test accuracy: 0.5392
FGSM accuracy: 0.3330
PGD accuracy: 0.3201

============ Epoch 97 ============
Training time: 51.73
Training loss: 3.8358
Training accuracy: 0.3688
Test time: 23.79
Test accuracy: 0.5385
FGSM accuracy: 0.3325
PGD accuracy: 0.3206

============ Epoch 98 ============
Training time: 56.13
Training loss: 3.8356
Training accuracy: 0.3688
Test time: 22.02
Test accuracy: 0.5389
FGSM accuracy: 0.3354
PGD accuracy: 0.3204

============ Epoch 99 ============
Training time: 54.88
Training loss: 3.8391
Training accuracy: 0.3684
Test time: 22.79
Test accuracy: 0.5391
FGSM accuracy: 0.3342
PGD accuracy: 0.3191

============ Epoch 100 ============
Training time: 54.95
Training loss: 3.6492
Training accuracy: 0.4685
Test time: 23.74
Test accuracy: 0.5440
FGSM accuracy: 0.3335
PGD accuracy: 0.3191

============ Epoch 101 ============
Training time: 54.97
Training loss: 3.5775
Training accuracy: 0.5061
Test time: 23.49
Test accuracy: 0.5489
FGSM accuracy: 0.3362
PGD accuracy: 0.3221

============ Epoch 102 ============
Training time: 56.25
Training loss: 3.5427
Training accuracy: 0.5241
Test time: 24.57
Test accuracy: 0.5542
FGSM accuracy: 0.3363
PGD accuracy: 0.3222

============ Epoch 103 ============
Training time: 57.39
Training loss: 3.5210
Training accuracy: 0.5371
Test time: 24.90
Test accuracy: 0.5596
FGSM accuracy: 0.3386
PGD accuracy: 0.3229

============ Epoch 104 ============
Training time: 57.79
Training loss: 3.4984
Training accuracy: 0.5505
Test time: 25.25
Test accuracy: 0.5627
FGSM accuracy: 0.3403
PGD accuracy: 0.3213

============ Epoch 105 ============
Training time: 56.52
Training loss: 3.4480
Training accuracy: 0.5814
Test time: 24.13
Test accuracy: 0.5656
FGSM accuracy: 0.3396
PGD accuracy: 0.3217

============ Epoch 106 ============
Training time: 56.13
Training loss: 3.4381
Training accuracy: 0.5880
Test time: 25.11
Test accuracy: 0.5704
FGSM accuracy: 0.3419
PGD accuracy: 0.3204

============ Epoch 107 ============
Training time: 56.46
Training loss: 3.4330
Training accuracy: 0.5917
Test time: 24.49
Test accuracy: 0.5727
FGSM accuracy: 0.3426
PGD accuracy: 0.3204

============ Epoch 108 ============
Training time: 56.26
Training loss: 3.4271
Training accuracy: 0.5955
Test time: 22.80
Test accuracy: 0.5754
FGSM accuracy: 0.3427
PGD accuracy: 0.3208

============ Epoch 109 ============
Training time: 54.80
Training loss: 3.4238
Training accuracy: 0.5983
Test time: 23.06
Test accuracy: 0.5780
FGSM accuracy: 0.3434
PGD accuracy: 0.3201

train_acc_list: 
[0.04616, 0.08238, 0.10764, 0.1308, 0.14994, 0.17462, 0.19, 0.20798, 0.21916, 0.23254, 0.24304, 0.25166, 0.25784, 0.26698, 0.27056, 0.2764, 0.2818, 0.28354, 0.28892, 0.29498, 0.3001, 0.30196, 0.30622, 0.30926, 0.31268, 0.31114, 0.31532, 0.3172, 0.32078, 0.32368, 0.32578, 0.3267, 0.3292, 0.32934, 0.3321, 0.33172, 0.3366, 0.33304, 0.33974, 0.33782, 0.34104, 0.34118, 0.34246, 0.34472, 0.34462, 0.34576, 0.34554, 0.34888, 0.3466, 0.35008, 0.34808, 0.348, 0.35178, 0.3532, 0.34902, 0.3513, 0.35114, 0.35246, 0.35412, 0.35724, 0.3561, 0.35378, 0.3594, 0.35704, 0.35764, 0.35944, 0.36096, 0.35948, 0.36012, 0.3618, 0.3635, 0.36044, 0.36262, 0.36224, 0.36364, 0.36406, 0.36346, 0.36358, 0.36316, 0.36342, 0.36636, 0.36262, 0.36426, 0.36534, 0.3625, 0.36726, 0.3671, 0.36442, 0.36646, 0.36718, 0.36864, 0.36586, 0.36552, 0.36642, 0.36812, 0.37044, 0.36858, 0.3688, 0.36876, 0.36842, 0.46852, 0.5061, 0.52408, 0.53706, 0.55052, 0.58138, 0.58796, 0.59166, 0.59554, 0.59834]

test_acc_list: 
[0.537, 0.5378, 0.5383, 0.5387, 0.538, 0.5383, 0.5392, 0.5385, 0.5389, 0.5391, 0.544, 0.5489, 0.5542, 0.5596, 0.5627, 0.5656, 0.5704, 0.5727, 0.5754, 0.578]

pgd_acc_list: 
[0.3192, 0.3191, 0.3206, 0.32, 0.3208, 0.3223, 0.3201, 0.3206, 0.3204, 0.3191, 0.3191, 0.3221, 0.3222, 0.3229, 0.3213, 0.3217, 0.3204, 0.3204, 0.3208, 0.3201]

fgsm_acc_list: 
[0.3333, 0.3328, 0.3329, 0.3336, 0.3338, 0.3333, 0.333, 0.3325, 0.3354, 0.3342, 0.3335, 0.3362, 0.3363, 0.3386, 0.3403, 0.3396, 0.3419, 0.3426, 0.3427, 0.3434]

total_training_time: 
6077.744297504425

total_test_time: 
481.51093006134033

