scheduler: MultiStepLR
label smoothing: 0.4
weight average: True, tau: 0.9995


============ Epoch 0 ============
Training time: 42.36
Training loss: 2.3969
Training accuracy: 0.1956

============ Epoch 1 ============
Training time: 41.85
Training loss: 2.2165
Training accuracy: 0.2592

============ Epoch 2 ============
Training time: 42.53
Training loss: 2.1927
Training accuracy: 0.2938

============ Epoch 3 ============
Training time: 41.14
Training loss: 2.1733
Training accuracy: 0.3198

============ Epoch 4 ============
Training time: 42.09
Training loss: 2.1550
Training accuracy: 0.3439

============ Epoch 5 ============
Training time: 42.67
Training loss: 2.1388
Training accuracy: 0.3714

============ Epoch 6 ============
Training time: 42.69
Training loss: 2.1250
Training accuracy: 0.3889

============ Epoch 7 ============
Training time: 42.76
Training loss: 2.1099
Training accuracy: 0.4132

============ Epoch 8 ============
Training time: 42.60
Training loss: 2.0990
Training accuracy: 0.4293

============ Epoch 9 ============
Training time: 41.86
Training loss: 2.0885
Training accuracy: 0.4470

============ Epoch 10 ============
Training time: 42.33
Training loss: 2.0794
Training accuracy: 0.4580

============ Epoch 11 ============
Training time: 42.63
Training loss: 2.0713
Training accuracy: 0.4721

============ Epoch 12 ============
Training time: 42.45
Training loss: 2.0665
Training accuracy: 0.4747

============ Epoch 13 ============
Training time: 42.62
Training loss: 2.0601
Training accuracy: 0.4897

============ Epoch 14 ============
Training time: 41.93
Training loss: 2.0569
Training accuracy: 0.4894

============ Epoch 15 ============
Training time: 37.04
Training loss: 2.0519
Training accuracy: 0.4961

============ Epoch 16 ============
Training time: 41.75
Training loss: 2.0482
Training accuracy: 0.5033

============ Epoch 17 ============
Training time: 43.14
Training loss: 2.0439
Training accuracy: 0.5084

============ Epoch 18 ============
Training time: 41.81
Training loss: 2.0416
Training accuracy: 0.5131

============ Epoch 19 ============
Training time: 41.74
Training loss: 2.0378
Training accuracy: 0.5126

============ Epoch 20 ============
Training time: 41.95
Training loss: 2.0349
Training accuracy: 0.5185

============ Epoch 21 ============
Training time: 41.59
Training loss: 2.0327
Training accuracy: 0.5227

============ Epoch 22 ============
Training time: 41.78
Training loss: 2.0311
Training accuracy: 0.5255

============ Epoch 23 ============
Training time: 42.82
Training loss: 2.0275
Training accuracy: 0.5286

============ Epoch 24 ============
Training time: 42.69
Training loss: 2.0262
Training accuracy: 0.5301

============ Epoch 25 ============
Training time: 41.88
Training loss: 2.0231
Training accuracy: 0.5348

============ Epoch 26 ============
Training time: 39.66
Training loss: 2.0210
Training accuracy: 0.5371

============ Epoch 27 ============
Training time: 42.07
Training loss: 2.0204
Training accuracy: 0.5364

============ Epoch 28 ============
Training time: 41.02
Training loss: 2.0190
Training accuracy: 0.5418

============ Epoch 29 ============
Training time: 42.78
Training loss: 2.0167
Training accuracy: 0.5433

============ Epoch 30 ============
Training time: 42.75
Training loss: 2.0144
Training accuracy: 0.5431

============ Epoch 31 ============
Training time: 41.50
Training loss: 2.0133
Training accuracy: 0.5464

============ Epoch 32 ============
Training time: 41.93
Training loss: 2.0120
Training accuracy: 0.5460

============ Epoch 33 ============
Training time: 39.76
Training loss: 2.0115
Training accuracy: 0.5498

============ Epoch 34 ============
Training time: 43.01
Training loss: 2.0092
Training accuracy: 0.5492

============ Epoch 35 ============
Training time: 42.93
Training loss: 2.0079
Training accuracy: 0.5516

============ Epoch 36 ============
Training time: 36.59
Training loss: 2.0058
Training accuracy: 0.5527

============ Epoch 37 ============
Training time: 42.56
Training loss: 2.0062
Training accuracy: 0.5541

============ Epoch 38 ============
Training time: 40.97
Training loss: 2.0051
Training accuracy: 0.5535

============ Epoch 39 ============
Training time: 41.84
Training loss: 2.0037
Training accuracy: 0.5567

============ Epoch 40 ============
Training time: 42.74
Training loss: 2.0044
Training accuracy: 0.5553

============ Epoch 41 ============
Training time: 42.38
Training loss: 2.0033
Training accuracy: 0.5569

============ Epoch 42 ============
Training time: 40.46
Training loss: 2.0017
Training accuracy: 0.5571

============ Epoch 43 ============
Training time: 42.21
Training loss: 2.0025
Training accuracy: 0.5589

============ Epoch 44 ============
Training time: 42.96
Training loss: 2.0012
Training accuracy: 0.5607

============ Epoch 45 ============
Training time: 41.34
Training loss: 2.0005
Training accuracy: 0.5585

============ Epoch 46 ============
Training time: 42.82
Training loss: 1.9988
Training accuracy: 0.5630

============ Epoch 47 ============
Training time: 39.49
Training loss: 1.9990
Training accuracy: 0.5611

============ Epoch 48 ============
Training time: 43.10
Training loss: 1.9985
Training accuracy: 0.5622

============ Epoch 49 ============
Training time: 42.06
Training loss: 1.9980
Training accuracy: 0.5640

============ Epoch 50 ============
Training time: 42.74
Training loss: 1.9963
Training accuracy: 0.5633

============ Epoch 51 ============
Training time: 39.76
Training loss: 1.9974
Training accuracy: 0.5661

============ Epoch 52 ============
Training time: 41.48
Training loss: 1.9952
Training accuracy: 0.5657

============ Epoch 53 ============
Training time: 43.20
Training loss: 1.9950
Training accuracy: 0.5684

============ Epoch 54 ============
Training time: 43.26
Training loss: 1.9953
Training accuracy: 0.5657

============ Epoch 55 ============
Training time: 37.91
Training loss: 1.9952
Training accuracy: 0.5671

============ Epoch 56 ============
Training time: 43.13
Training loss: 1.9947
Training accuracy: 0.5686

============ Epoch 57 ============
Training time: 42.96
Training loss: 1.9926
Training accuracy: 0.5680

============ Epoch 58 ============
Training time: 40.37
Training loss: 1.9934
Training accuracy: 0.5676

============ Epoch 59 ============
Training time: 42.83
Training loss: 1.9929
Training accuracy: 0.5689

============ Epoch 60 ============
Training time: 39.37
Training loss: 1.9926
Training accuracy: 0.5696

============ Epoch 61 ============
Training time: 39.31
Training loss: 1.9923
Training accuracy: 0.5691

============ Epoch 62 ============
Training time: 41.68
Training loss: 1.9923
Training accuracy: 0.5733

============ Epoch 63 ============
Training time: 42.81
Training loss: 1.9896
Training accuracy: 0.5749

============ Epoch 64 ============
Training time: 42.25
Training loss: 1.9917
Training accuracy: 0.5691

============ Epoch 65 ============
Training time: 42.98
Training loss: 1.9904
Training accuracy: 0.5719

============ Epoch 66 ============
Training time: 42.88
Training loss: 1.9910
Training accuracy: 0.5732

============ Epoch 67 ============
Training time: 42.75
Training loss: 1.9901
Training accuracy: 0.5720

============ Epoch 68 ============
Training time: 42.98
Training loss: 1.9882
Training accuracy: 0.5773

============ Epoch 69 ============
Training time: 36.88
Training loss: 1.9876
Training accuracy: 0.5757

============ Epoch 70 ============
Training time: 43.30
Training loss: 1.9880
Training accuracy: 0.5742

============ Epoch 71 ============
Training time: 43.52
Training loss: 1.9880
Training accuracy: 0.5762

============ Epoch 72 ============
Training time: 43.37
Training loss: 1.9877
Training accuracy: 0.5777

============ Epoch 73 ============
Training time: 43.13
Training loss: 1.9878
Training accuracy: 0.5755

============ Epoch 74 ============
Training time: 43.16
Training loss: 1.9892
Training accuracy: 0.5742

============ Epoch 75 ============
Training time: 41.45
Training loss: 1.9880
Training accuracy: 0.5747

============ Epoch 76 ============
Training time: 43.14
Training loss: 1.9879
Training accuracy: 0.5758

============ Epoch 77 ============
Training time: 39.90
Training loss: 1.9857
Training accuracy: 0.5783

============ Epoch 78 ============
Training time: 38.88
Training loss: 1.9871
Training accuracy: 0.5771

============ Epoch 79 ============
Training time: 39.99
Training loss: 1.9862
Training accuracy: 0.5781

============ Epoch 80 ============
Training time: 38.53
Training loss: 1.9852
Training accuracy: 0.5789

============ Epoch 81 ============
Training time: 40.47
Training loss: 1.9860
Training accuracy: 0.5799

============ Epoch 82 ============
Training time: 42.93
Training loss: 1.9853
Training accuracy: 0.5802

============ Epoch 83 ============
Training time: 42.82
Training loss: 1.9856
Training accuracy: 0.5778

============ Epoch 84 ============
Training time: 41.79
Training loss: 1.9859
Training accuracy: 0.5806

============ Epoch 85 ============
Training time: 43.25
Training loss: 1.9868
Training accuracy: 0.5756

============ Epoch 86 ============
Training time: 43.12
Training loss: 1.9861
Training accuracy: 0.5763

============ Epoch 87 ============
Training time: 38.31
Training loss: 1.9834
Training accuracy: 0.5781

============ Epoch 88 ============
Training time: 43.20
Training loss: 1.9836
Training accuracy: 0.5803

============ Epoch 89 ============
Training time: 43.35
Training loss: 1.9839
Training accuracy: 0.5793

============ Epoch 90 ============
Training time: 43.14
Training loss: 1.9836
Training accuracy: 0.5780
Test time: 24.05
Test accuracy: 0.7418
FGSM accuracy: 0.5635
PGD accuracy: 0.5473

============ Epoch 91 ============
Training time: 42.62
Training loss: 1.9823
Training accuracy: 0.5803
Test time: 23.85
Test accuracy: 0.7424
FGSM accuracy: 0.5629
PGD accuracy: 0.5482

============ Epoch 92 ============
Training time: 42.29
Training loss: 1.9837
Training accuracy: 0.5799
Test time: 21.24
Test accuracy: 0.7436
FGSM accuracy: 0.5639
PGD accuracy: 0.5477

============ Epoch 93 ============
Training time: 40.66
Training loss: 1.9826
Training accuracy: 0.5818
Test time: 24.05
Test accuracy: 0.7425
FGSM accuracy: 0.5635
PGD accuracy: 0.5483

============ Epoch 94 ============
Training time: 41.64
Training loss: 1.9838
Training accuracy: 0.5807
Test time: 24.08
Test accuracy: 0.7425
FGSM accuracy: 0.5613
PGD accuracy: 0.5469

============ Epoch 95 ============
Training time: 41.72
Training loss: 1.9842
Training accuracy: 0.5804
Test time: 24.11
Test accuracy: 0.7416
FGSM accuracy: 0.5616
PGD accuracy: 0.5479

============ Epoch 96 ============
Training time: 42.78
Training loss: 1.9819
Training accuracy: 0.5817
Test time: 23.65
Test accuracy: 0.7416
FGSM accuracy: 0.5622
PGD accuracy: 0.5477

============ Epoch 97 ============
Training time: 42.00
Training loss: 1.9833
Training accuracy: 0.5816
Test time: 23.79
Test accuracy: 0.7425
FGSM accuracy: 0.5625
PGD accuracy: 0.5478

============ Epoch 98 ============
Training time: 42.02
Training loss: 1.9817
Training accuracy: 0.5818
Test time: 24.16
Test accuracy: 0.7429
FGSM accuracy: 0.5642
PGD accuracy: 0.5470

============ Epoch 99 ============
Training time: 42.85
Training loss: 1.9832
Training accuracy: 0.5805
Test time: 23.67
Test accuracy: 0.7435
FGSM accuracy: 0.5633
PGD accuracy: 0.5477

============ Epoch 100 ============
Training time: 43.03
Training loss: 1.9115
Training accuracy: 0.6525
Test time: 23.81
Test accuracy: 0.7491
FGSM accuracy: 0.5650
PGD accuracy: 0.5496

============ Epoch 101 ============
Training time: 41.79
Training loss: 1.8849
Training accuracy: 0.6761
Test time: 23.79
Test accuracy: 0.7559
FGSM accuracy: 0.5691
PGD accuracy: 0.5505

============ Epoch 102 ============
Training time: 42.87
Training loss: 1.8746
Training accuracy: 0.6885
Test time: 23.98
Test accuracy: 0.7636
FGSM accuracy: 0.5731
PGD accuracy: 0.5536

============ Epoch 103 ============
Training time: 42.71
Training loss: 1.8668
Training accuracy: 0.6970
Test time: 24.14
Test accuracy: 0.7693
FGSM accuracy: 0.5770
PGD accuracy: 0.5555

============ Epoch 104 ============
Training time: 42.74
Training loss: 1.8616
Training accuracy: 0.7051
Test time: 23.82
Test accuracy: 0.7761
FGSM accuracy: 0.5783
PGD accuracy: 0.5570

============ Epoch 105 ============
Training time: 41.42
Training loss: 1.8459
Training accuracy: 0.7203
Test time: 23.72
Test accuracy: 0.7808
FGSM accuracy: 0.5801
PGD accuracy: 0.5573

============ Epoch 106 ============
Training time: 41.23
Training loss: 1.8388
Training accuracy: 0.7239
Test time: 23.91
Test accuracy: 0.7867
FGSM accuracy: 0.5825
PGD accuracy: 0.5580

============ Epoch 107 ============
Training time: 42.64
Training loss: 1.8360
Training accuracy: 0.7272
Test time: 23.90
Test accuracy: 0.7912
FGSM accuracy: 0.5839
PGD accuracy: 0.5586

============ Epoch 108 ============
Training time: 42.95
Training loss: 1.8338
Training accuracy: 0.7312
Test time: 23.75
Test accuracy: 0.7947
FGSM accuracy: 0.5861
PGD accuracy: 0.5578

============ Epoch 109 ============
Training time: 43.20
Training loss: 1.8321
Training accuracy: 0.7328
Test time: 23.73
Test accuracy: 0.8002
FGSM accuracy: 0.5877
PGD accuracy: 0.5595

train_acc_list: 
[0.1956, 0.2592, 0.29378, 0.31982, 0.34394, 0.37138, 0.3889, 0.41318, 0.4293, 0.44696, 0.45796, 0.47214, 0.4747, 0.48974, 0.48936, 0.4961, 0.50334, 0.50844, 0.51308, 0.51264, 0.51848, 0.52266, 0.5255, 0.52856, 0.5301, 0.53484, 0.53706, 0.53644, 0.54176, 0.5433, 0.54314, 0.5464, 0.54598, 0.54976, 0.54924, 0.55158, 0.5527, 0.55406, 0.55348, 0.55672, 0.5553, 0.55688, 0.55712, 0.55892, 0.56072, 0.55854, 0.56304, 0.56106, 0.56218, 0.56396, 0.56328, 0.56606, 0.5657, 0.56842, 0.56568, 0.56708, 0.56856, 0.568, 0.56762, 0.5689, 0.56964, 0.5691, 0.57326, 0.57486, 0.56908, 0.57194, 0.57318, 0.57198, 0.57732, 0.5757, 0.57422, 0.57622, 0.57768, 0.57552, 0.57422, 0.57468, 0.57578, 0.57828, 0.57706, 0.57812, 0.57888, 0.57994, 0.58024, 0.57778, 0.58062, 0.57558, 0.57634, 0.5781, 0.58034, 0.57934, 0.57802, 0.58026, 0.57994, 0.58178, 0.5807, 0.5804, 0.58166, 0.58156, 0.5818, 0.58054, 0.65254, 0.67612, 0.68848, 0.69702, 0.7051, 0.72026, 0.72394, 0.7272, 0.73118, 0.73278]

test_acc_list: 
[0.7418, 0.7424, 0.7436, 0.7425, 0.7425, 0.7416, 0.7416, 0.7425, 0.7429, 0.7435, 0.7491, 0.7559, 0.7636, 0.7693, 0.7761, 0.7808, 0.7867, 0.7912, 0.7947, 0.8002]

pgd_acc_list: 
[0.5473, 0.5482, 0.5477, 0.5483, 0.5469, 0.5479, 0.5477, 0.5478, 0.547, 0.5477, 0.5496, 0.5505, 0.5536, 0.5555, 0.557, 0.5573, 0.558, 0.5586, 0.5578, 0.5595]

fgsm_acc_list: 
[0.5635, 0.5629, 0.5639, 0.5635, 0.5613, 0.5616, 0.5622, 0.5625, 0.5642, 0.5633, 0.565, 0.5691, 0.5731, 0.577, 0.5783, 0.5801, 0.5825, 0.5839, 0.5861, 0.5877]

total_training_time: 
4607.064740180969

total_test_time: 
475.19059133529663

