scheduler: MultiStepLR
label smoothing: 0.4
weight average: True, tau: 0.9995


============ Epoch 0 ============
Training time: 42.58
Training loss: 4.5263
Training accuracy: 0.0485

============ Epoch 1 ============
Training time: 41.80
Training loss: 4.3950
Training accuracy: 0.0942

============ Epoch 2 ============
Training time: 40.90
Training loss: 4.3248
Training accuracy: 0.1243

============ Epoch 3 ============
Training time: 41.79
Training loss: 4.2682
Training accuracy: 0.1511

============ Epoch 4 ============
Training time: 41.33
Training loss: 4.2183
Training accuracy: 0.1722

============ Epoch 5 ============
Training time: 41.36
Training loss: 4.1702
Training accuracy: 0.1987

============ Epoch 6 ============
Training time: 41.45
Training loss: 4.1331
Training accuracy: 0.2166

============ Epoch 7 ============
Training time: 38.10
Training loss: 4.1032
Training accuracy: 0.2318

============ Epoch 8 ============
Training time: 42.13
Training loss: 4.0760
Training accuracy: 0.2459

============ Epoch 9 ============
Training time: 40.78
Training loss: 4.0546
Training accuracy: 0.2564

============ Epoch 10 ============
Training time: 37.61
Training loss: 4.0409
Training accuracy: 0.2626

============ Epoch 11 ============
Training time: 41.59
Training loss: 4.0238
Training accuracy: 0.2724

============ Epoch 12 ============
Training time: 41.60
Training loss: 4.0091
Training accuracy: 0.2773

============ Epoch 13 ============
Training time: 42.21
Training loss: 3.9982
Training accuracy: 0.2837

============ Epoch 14 ============
Training time: 41.45
Training loss: 3.9902
Training accuracy: 0.2874

============ Epoch 15 ============
Training time: 41.37
Training loss: 3.9768
Training accuracy: 0.2950

============ Epoch 16 ============
Training time: 42.21
Training loss: 3.9679
Training accuracy: 0.2992

============ Epoch 17 ============
Training time: 41.34
Training loss: 3.9596
Training accuracy: 0.3055

============ Epoch 18 ============
Training time: 42.08
Training loss: 3.9509
Training accuracy: 0.3078

============ Epoch 19 ============
Training time: 41.23
Training loss: 3.9452
Training accuracy: 0.3133

============ Epoch 20 ============
Training time: 41.87
Training loss: 3.9419
Training accuracy: 0.3154

============ Epoch 21 ============
Training time: 39.78
Training loss: 3.9330
Training accuracy: 0.3174

============ Epoch 22 ============
Training time: 41.73
Training loss: 3.9264
Training accuracy: 0.3219

============ Epoch 23 ============
Training time: 41.10
Training loss: 3.9199
Training accuracy: 0.3254

============ Epoch 24 ============
Training time: 41.28
Training loss: 3.9156
Training accuracy: 0.3268

============ Epoch 25 ============
Training time: 41.75
Training loss: 3.9121
Training accuracy: 0.3285

============ Epoch 26 ============
Training time: 41.81
Training loss: 3.9089
Training accuracy: 0.3292

============ Epoch 27 ============
Training time: 41.52
Training loss: 3.9054
Training accuracy: 0.3301

============ Epoch 28 ============
Training time: 40.46
Training loss: 3.8999
Training accuracy: 0.3359

============ Epoch 29 ============
Training time: 39.40
Training loss: 3.8962
Training accuracy: 0.3391

============ Epoch 30 ============
Training time: 42.09
Training loss: 3.8898
Training accuracy: 0.3435

============ Epoch 31 ============
Training time: 41.46
Training loss: 3.8903
Training accuracy: 0.3424

============ Epoch 32 ============
Training time: 40.41
Training loss: 3.8884
Training accuracy: 0.3418

============ Epoch 33 ============
Training time: 41.22
Training loss: 3.8851
Training accuracy: 0.3440

============ Epoch 34 ============
Training time: 41.77
Training loss: 3.8795
Training accuracy: 0.3464

============ Epoch 35 ============
Training time: 42.00
Training loss: 3.8797
Training accuracy: 0.3446

============ Epoch 36 ============
Training time: 42.11
Training loss: 3.8778
Training accuracy: 0.3451

============ Epoch 37 ============
Training time: 38.49
Training loss: 3.8731
Training accuracy: 0.3511

============ Epoch 38 ============
Training time: 39.17
Training loss: 3.8714
Training accuracy: 0.3493

============ Epoch 39 ============
Training time: 38.96
Training loss: 3.8710
Training accuracy: 0.3491

============ Epoch 40 ============
Training time: 40.97
Training loss: 3.8672
Training accuracy: 0.3527

============ Epoch 41 ============
Training time: 41.26
Training loss: 3.8670
Training accuracy: 0.3513

============ Epoch 42 ============
Training time: 41.83
Training loss: 3.8630
Training accuracy: 0.3554

============ Epoch 43 ============
Training time: 41.28
Training loss: 3.8632
Training accuracy: 0.3554

============ Epoch 44 ============
Training time: 41.50
Training loss: 3.8636
Training accuracy: 0.3529

============ Epoch 45 ============
Training time: 42.67
Training loss: 3.8594
Training accuracy: 0.3567

============ Epoch 46 ============
Training time: 40.43
Training loss: 3.8581
Training accuracy: 0.3555

============ Epoch 47 ============
Training time: 42.49
Training loss: 3.8566
Training accuracy: 0.3562

============ Epoch 48 ============
Training time: 42.35
Training loss: 3.8539
Training accuracy: 0.3586

============ Epoch 49 ============
Training time: 41.67
Training loss: 3.8476
Training accuracy: 0.3605

============ Epoch 50 ============
Training time: 41.25
Training loss: 3.8514
Training accuracy: 0.3609

============ Epoch 51 ============
Training time: 42.67
Training loss: 3.8522
Training accuracy: 0.3616

============ Epoch 52 ============
Training time: 41.09
Training loss: 3.8480
Training accuracy: 0.3621

============ Epoch 53 ============
Training time: 42.40
Training loss: 3.8504
Training accuracy: 0.3613

============ Epoch 54 ============
Training time: 42.35
Training loss: 3.8470
Training accuracy: 0.3617

============ Epoch 55 ============
Training time: 42.03
Training loss: 3.8470
Training accuracy: 0.3643

============ Epoch 56 ============
Training time: 41.84
Training loss: 3.8434
Training accuracy: 0.3634

============ Epoch 57 ============
Training time: 40.88
Training loss: 3.8432
Training accuracy: 0.3644

============ Epoch 58 ============
Training time: 41.47
Training loss: 3.8418
Training accuracy: 0.3659

============ Epoch 59 ============
Training time: 43.32
Training loss: 3.8420
Training accuracy: 0.3644

============ Epoch 60 ============
Training time: 42.82
Training loss: 3.8393
Training accuracy: 0.3671

============ Epoch 61 ============
Training time: 42.54
Training loss: 3.8398
Training accuracy: 0.3686

============ Epoch 62 ============
Training time: 42.58
Training loss: 3.8413
Training accuracy: 0.3669

============ Epoch 63 ============
Training time: 41.86
Training loss: 3.8384
Training accuracy: 0.3669

============ Epoch 64 ============
Training time: 41.32
Training loss: 3.8376
Training accuracy: 0.3680

============ Epoch 65 ============
Training time: 42.54
Training loss: 3.8341
Training accuracy: 0.3697

============ Epoch 66 ============
Training time: 42.92
Training loss: 3.8333
Training accuracy: 0.3695

============ Epoch 67 ============
Training time: 42.29
Training loss: 3.8344
Training accuracy: 0.3702

============ Epoch 68 ============
Training time: 42.89
Training loss: 3.8327
Training accuracy: 0.3697

============ Epoch 69 ============
Training time: 42.85
Training loss: 3.8322
Training accuracy: 0.3701

============ Epoch 70 ============
Training time: 41.67
Training loss: 3.8343
Training accuracy: 0.3704

============ Epoch 71 ============
Training time: 41.83
Training loss: 3.8302
Training accuracy: 0.3696

============ Epoch 72 ============
Training time: 42.28
Training loss: 3.8293
Training accuracy: 0.3727

============ Epoch 73 ============
Training time: 43.13
Training loss: 3.8314
Training accuracy: 0.3707

============ Epoch 74 ============
Training time: 43.35
Training loss: 3.8277
Training accuracy: 0.3720

============ Epoch 75 ============
Training time: 41.99
Training loss: 3.8297
Training accuracy: 0.3714

============ Epoch 76 ============
Training time: 42.19
Training loss: 3.8312
Training accuracy: 0.3710

============ Epoch 77 ============
Training time: 42.16
Training loss: 3.8291
Training accuracy: 0.3707

============ Epoch 78 ============
Training time: 42.28
Training loss: 3.8282
Training accuracy: 0.3718

============ Epoch 79 ============
Training time: 42.91
Training loss: 3.8283
Training accuracy: 0.3733

============ Epoch 80 ============
Training time: 42.80
Training loss: 3.8258
Training accuracy: 0.3713

============ Epoch 81 ============
Training time: 43.45
Training loss: 3.8271
Training accuracy: 0.3743

============ Epoch 82 ============
Training time: 41.46
Training loss: 3.8269
Training accuracy: 0.3732

============ Epoch 83 ============
Training time: 41.97
Training loss: 3.8236
Training accuracy: 0.3766

============ Epoch 84 ============
Training time: 38.98
Training loss: 3.8210
Training accuracy: 0.3763

============ Epoch 85 ============
Training time: 41.54
Training loss: 3.8231
Training accuracy: 0.3746

============ Epoch 86 ============
Training time: 41.81
Training loss: 3.8213
Training accuracy: 0.3768

============ Epoch 87 ============
Training time: 43.20
Training loss: 3.8245
Training accuracy: 0.3753

============ Epoch 88 ============
Training time: 43.05
Training loss: 3.8211
Training accuracy: 0.3777

============ Epoch 89 ============
Training time: 42.95
Training loss: 3.8202
Training accuracy: 0.3773

============ Epoch 90 ============
Training time: 42.55
Training loss: 3.8192
Training accuracy: 0.3784
Test time: 23.11
Test accuracy: 0.5455
FGSM accuracy: 0.3365
PGD accuracy: 0.3220

============ Epoch 91 ============
Training time: 41.28
Training loss: 3.8209
Training accuracy: 0.3769
Test time: 23.70
Test accuracy: 0.5454
FGSM accuracy: 0.3377
PGD accuracy: 0.3218

============ Epoch 92 ============
Training time: 43.14
Training loss: 3.8195
Training accuracy: 0.3771
Test time: 24.34
Test accuracy: 0.5463
FGSM accuracy: 0.3361
PGD accuracy: 0.3214

============ Epoch 93 ============
Training time: 43.29
Training loss: 3.8182
Training accuracy: 0.3808
Test time: 24.27
Test accuracy: 0.5458
FGSM accuracy: 0.3378
PGD accuracy: 0.3228

============ Epoch 94 ============
Training time: 43.41
Training loss: 3.8199
Training accuracy: 0.3773
Test time: 23.29
Test accuracy: 0.5459
FGSM accuracy: 0.3387
PGD accuracy: 0.3235

============ Epoch 95 ============
Training time: 41.99
Training loss: 3.8165
Training accuracy: 0.3797
Test time: 23.14
Test accuracy: 0.5475
FGSM accuracy: 0.3379
PGD accuracy: 0.3218

============ Epoch 96 ============
Training time: 42.23
Training loss: 3.8173
Training accuracy: 0.3782
Test time: 24.44
Test accuracy: 0.5484
FGSM accuracy: 0.3364
PGD accuracy: 0.3220

============ Epoch 97 ============
Training time: 40.25
Training loss: 3.8173
Training accuracy: 0.3798
Test time: 24.41
Test accuracy: 0.5478
FGSM accuracy: 0.3376
PGD accuracy: 0.3220

============ Epoch 98 ============
Training time: 42.56
Training loss: 3.8177
Training accuracy: 0.3775
Test time: 24.41
Test accuracy: 0.5485
FGSM accuracy: 0.3380
PGD accuracy: 0.3228

============ Epoch 99 ============
Training time: 39.87
Training loss: 3.8152
Training accuracy: 0.3779
Test time: 23.50
Test accuracy: 0.5475
FGSM accuracy: 0.3395
PGD accuracy: 0.3219

============ Epoch 100 ============
Training time: 41.95
Training loss: 3.6181
Training accuracy: 0.4822
Test time: 23.83
Test accuracy: 0.5517
FGSM accuracy: 0.3402
PGD accuracy: 0.3235

============ Epoch 101 ============
Training time: 43.43
Training loss: 3.5443
Training accuracy: 0.5227
Test time: 24.58
Test accuracy: 0.5573
FGSM accuracy: 0.3423
PGD accuracy: 0.3246

============ Epoch 102 ============
Training time: 42.76
Training loss: 3.5111
Training accuracy: 0.5403
Test time: 24.83
Test accuracy: 0.5616
FGSM accuracy: 0.3432
PGD accuracy: 0.3258

============ Epoch 103 ============
Training time: 42.92
Training loss: 3.4885
Training accuracy: 0.5536
Test time: 23.33
Test accuracy: 0.5673
FGSM accuracy: 0.3426
PGD accuracy: 0.3240

============ Epoch 104 ============
Training time: 41.69
Training loss: 3.4648
Training accuracy: 0.5680
Test time: 22.90
Test accuracy: 0.5713
FGSM accuracy: 0.3443
PGD accuracy: 0.3242

============ Epoch 105 ============
Training time: 41.88
Training loss: 3.4173
Training accuracy: 0.5999
Test time: 24.61
Test accuracy: 0.5734
FGSM accuracy: 0.3443
PGD accuracy: 0.3251

============ Epoch 106 ============
Training time: 43.38
Training loss: 3.4050
Training accuracy: 0.6067
Test time: 24.55
Test accuracy: 0.5757
FGSM accuracy: 0.3450
PGD accuracy: 0.3249

============ Epoch 107 ============
Training time: 42.78
Training loss: 3.3937
Training accuracy: 0.6114
Test time: 24.21
Test accuracy: 0.5802
FGSM accuracy: 0.3447
PGD accuracy: 0.3240

============ Epoch 108 ============
Training time: 42.43
Training loss: 3.3925
Training accuracy: 0.6144
Test time: 23.17
Test accuracy: 0.5840
FGSM accuracy: 0.3440
PGD accuracy: 0.3231

============ Epoch 109 ============
Training time: 41.73
Training loss: 3.3879
Training accuracy: 0.6163
Test time: 23.30
Test accuracy: 0.5867
FGSM accuracy: 0.3435
PGD accuracy: 0.3222

train_acc_list: 
[0.04852, 0.09424, 0.1243, 0.15106, 0.17222, 0.19874, 0.21662, 0.2318, 0.24592, 0.25636, 0.26256, 0.27236, 0.27734, 0.28366, 0.28738, 0.29502, 0.29916, 0.30546, 0.30784, 0.31326, 0.31536, 0.31744, 0.32186, 0.32536, 0.32684, 0.32854, 0.3292, 0.33014, 0.3359, 0.33906, 0.34348, 0.34238, 0.34178, 0.34396, 0.34638, 0.34464, 0.34508, 0.35114, 0.34928, 0.34908, 0.35272, 0.35128, 0.35544, 0.35544, 0.35292, 0.35672, 0.35546, 0.35616, 0.35862, 0.3605, 0.36094, 0.36164, 0.36212, 0.3613, 0.36172, 0.36432, 0.36342, 0.36444, 0.3659, 0.3644, 0.36714, 0.36864, 0.36694, 0.36692, 0.368, 0.36972, 0.36954, 0.37024, 0.36966, 0.37014, 0.3704, 0.36964, 0.37274, 0.3707, 0.37198, 0.3714, 0.37098, 0.37072, 0.37176, 0.37334, 0.37132, 0.37426, 0.37322, 0.3766, 0.37634, 0.37462, 0.37676, 0.3753, 0.37774, 0.3773, 0.37838, 0.3769, 0.37706, 0.38084, 0.3773, 0.37972, 0.37816, 0.37978, 0.37746, 0.37786, 0.48216, 0.5227, 0.54032, 0.5536, 0.56798, 0.59988, 0.60674, 0.61138, 0.61436, 0.61628]

test_acc_list: 
[0.5455, 0.5454, 0.5463, 0.5458, 0.5459, 0.5475, 0.5484, 0.5478, 0.5485, 0.5475, 0.5517, 0.5573, 0.5616, 0.5673, 0.5713, 0.5734, 0.5757, 0.5802, 0.584, 0.5867]

pgd_acc_list: 
[0.322, 0.3218, 0.3214, 0.3228, 0.3235, 0.3218, 0.322, 0.322, 0.3228, 0.3219, 0.3235, 0.3246, 0.3258, 0.324, 0.3242, 0.3251, 0.3249, 0.324, 0.3231, 0.3222]

fgsm_acc_list: 
[0.3365, 0.3377, 0.3361, 0.3378, 0.3387, 0.3379, 0.3364, 0.3376, 0.338, 0.3395, 0.3402, 0.3423, 0.3432, 0.3426, 0.3443, 0.3443, 0.345, 0.3447, 0.344, 0.3435]

total_training_time: 
4594.146892309189

total_test_time: 
477.9125373363495

