scheduler: MultiStepLR
label smoothing: 0.4
weight average: True, tau: 0.9995


============ Epoch 0 ============
Training time: 224.36
Training loss: 5.2623
Training accuracy: 0.0203

============ Epoch 1 ============
Training time: 223.45
Training loss: 5.1454
Training accuracy: 0.0484

============ Epoch 2 ============
Training time: 223.30
Training loss: 5.0667
Training accuracy: 0.0746

============ Epoch 3 ============
Training time: 223.53
Training loss: 5.0046
Training accuracy: 0.0992

============ Epoch 4 ============
Training time: 223.41
Training loss: 4.9569
Training accuracy: 0.1183

============ Epoch 5 ============
Training time: 223.08
Training loss: 4.9233
Training accuracy: 0.1303

============ Epoch 6 ============
Training time: 223.08
Training loss: 4.8975
Training accuracy: 0.1418

============ Epoch 7 ============
Training time: 223.25
Training loss: 4.8755
Training accuracy: 0.1487

============ Epoch 8 ============
Training time: 223.10
Training loss: 4.8559
Training accuracy: 0.1588

============ Epoch 9 ============
Training time: 223.11
Training loss: 4.8400
Training accuracy: 0.1642

============ Epoch 10 ============
Training time: 223.32
Training loss: 4.8225
Training accuracy: 0.1707

============ Epoch 11 ============
Training time: 223.02
Training loss: 4.8108
Training accuracy: 0.1755

============ Epoch 12 ============
Training time: 223.18
Training loss: 4.7990
Training accuracy: 0.1815

============ Epoch 13 ============
Training time: 223.07
Training loss: 4.7880
Training accuracy: 0.1858

============ Epoch 14 ============
Training time: 223.11
Training loss: 4.7768
Training accuracy: 0.1901

============ Epoch 15 ============
Training time: 223.36
Training loss: 4.7686
Training accuracy: 0.1924

============ Epoch 16 ============
Training time: 223.08
Training loss: 4.7622
Training accuracy: 0.1964

============ Epoch 17 ============
Training time: 223.06
Training loss: 4.7533
Training accuracy: 0.2011

============ Epoch 18 ============
Training time: 223.42
Training loss: 4.7478
Training accuracy: 0.2026

============ Epoch 19 ============
Training time: 223.30
Training loss: 4.7417
Training accuracy: 0.2040

============ Epoch 20 ============
Training time: 223.12
Training loss: 4.7368
Training accuracy: 0.2067

============ Epoch 21 ============
Training time: 223.27
Training loss: 4.7334
Training accuracy: 0.2077

============ Epoch 22 ============
Training time: 223.04
Training loss: 4.7258
Training accuracy: 0.2118

============ Epoch 23 ============
Training time: 223.36
Training loss: 4.7233
Training accuracy: 0.2127

============ Epoch 24 ============
Training time: 223.04
Training loss: 4.7193
Training accuracy: 0.2131

============ Epoch 25 ============
Training time: 223.14
Training loss: 4.7156
Training accuracy: 0.2155

============ Epoch 26 ============
Training time: 223.34
Training loss: 4.7132
Training accuracy: 0.2162

============ Epoch 27 ============
Training time: 223.28
Training loss: 4.7087
Training accuracy: 0.2180

============ Epoch 28 ============
Training time: 223.04
Training loss: 4.7081
Training accuracy: 0.2175

============ Epoch 29 ============
Training time: 223.38
Training loss: 4.7047
Training accuracy: 0.2177

============ Epoch 30 ============
Training time: 223.37
Training loss: 4.7021
Training accuracy: 0.2204

============ Epoch 31 ============
Training time: 223.26
Training loss: 4.6994
Training accuracy: 0.2208

============ Epoch 32 ============
Training time: 223.17
Training loss: 4.6929
Training accuracy: 0.2249

============ Epoch 33 ============
Training time: 223.06
Training loss: 4.6931
Training accuracy: 0.2247

============ Epoch 34 ============
Training time: 222.89
Training loss: 4.6907
Training accuracy: 0.2257

============ Epoch 35 ============
Training time: 223.02
Training loss: 4.6894
Training accuracy: 0.2243

============ Epoch 36 ============
Training time: 222.83
Training loss: 4.6847
Training accuracy: 0.2264

============ Epoch 37 ============
Training time: 222.96
Training loss: 4.6854
Training accuracy: 0.2261

============ Epoch 38 ============
Training time: 222.73
Training loss: 4.6830
Training accuracy: 0.2272

============ Epoch 39 ============
Training time: 223.28
Training loss: 4.6826
Training accuracy: 0.2265

============ Epoch 40 ============
Training time: 223.20
Training loss: 4.6804
Training accuracy: 0.2301

============ Epoch 41 ============
Training time: 223.26
Training loss: 4.6788
Training accuracy: 0.2309

============ Epoch 42 ============
Training time: 246.56
Training loss: 4.6769
Training accuracy: 0.2308

============ Epoch 43 ============
Training time: 277.71
Training loss: 4.6755
Training accuracy: 0.2321

============ Epoch 44 ============
Training time: 301.06
Training loss: 4.6759
Training accuracy: 0.2302

============ Epoch 45 ============
Training time: 300.85
Training loss: 4.6757
Training accuracy: 0.2308

============ Epoch 46 ============
Training time: 300.89
Training loss: 4.6726
Training accuracy: 0.2315

============ Epoch 47 ============
Training time: 270.65
Training loss: 4.6698
Training accuracy: 0.2339

============ Epoch 48 ============
Training time: 270.08
Training loss: 4.6712
Training accuracy: 0.2325

============ Epoch 49 ============
Training time: 283.05
Training loss: 4.6689
Training accuracy: 0.2329

============ Epoch 50 ============
Training time: 300.83
Training loss: 4.6672
Training accuracy: 0.2341

============ Epoch 51 ============
Training time: 300.85
Training loss: 4.6669
Training accuracy: 0.2354

============ Epoch 52 ============
Training time: 300.92
Training loss: 4.6655
Training accuracy: 0.2332

============ Epoch 53 ============
Training time: 301.01
Training loss: 4.6653
Training accuracy: 0.2345

============ Epoch 54 ============
Training time: 289.19
Training loss: 4.6638
Training accuracy: 0.2364

============ Epoch 55 ============
Training time: 276.58
Training loss: 4.6637
Training accuracy: 0.2349

============ Epoch 56 ============
Training time: 275.60
Training loss: 4.6609
Training accuracy: 0.2367

============ Epoch 57 ============
Training time: 289.24
Training loss: 4.6622
Training accuracy: 0.2349

============ Epoch 58 ============
Training time: 294.14
Training loss: 4.6608
Training accuracy: 0.2361

============ Epoch 59 ============
Training time: 300.93
Training loss: 4.6587
Training accuracy: 0.2365

============ Epoch 60 ============
Training time: 300.99
Training loss: 4.6594
Training accuracy: 0.2378

============ Epoch 61 ============
Training time: 300.80
Training loss: 4.6586
Training accuracy: 0.2373

============ Epoch 62 ============
Training time: 301.03
Training loss: 4.6592
Training accuracy: 0.2371

============ Epoch 63 ============
Training time: 283.21
Training loss: 4.6582
Training accuracy: 0.2376

============ Epoch 64 ============
Training time: 281.77
Training loss: 4.6559
Training accuracy: 0.2380

============ Epoch 65 ============
Training time: 276.52
Training loss: 4.6567
Training accuracy: 0.2383

============ Epoch 66 ============
Training time: 287.68
Training loss: 4.6568
Training accuracy: 0.2382

============ Epoch 67 ============
Training time: 295.52
Training loss: 4.6531
Training accuracy: 0.2394

============ Epoch 68 ============
Training time: 301.12
Training loss: 4.6538
Training accuracy: 0.2397

============ Epoch 69 ============
Training time: 301.07
Training loss: 4.6542
Training accuracy: 0.2395

============ Epoch 70 ============
Training time: 300.88
Training loss: 4.6556
Training accuracy: 0.2385

============ Epoch 71 ============
Training time: 301.04
Training loss: 4.6522
Training accuracy: 0.2402

============ Epoch 72 ============
Training time: 294.21
Training loss: 4.6524
Training accuracy: 0.2400

============ Epoch 73 ============
Training time: 284.27
Training loss: 4.6530
Training accuracy: 0.2386

============ Epoch 74 ============
Training time: 281.72
Training loss: 4.6520
Training accuracy: 0.2403

============ Epoch 75 ============
Training time: 278.22
Training loss: 4.6510
Training accuracy: 0.2389

============ Epoch 76 ============
Training time: 286.97
Training loss: 4.6525
Training accuracy: 0.2393

============ Epoch 77 ============
Training time: 300.89
Training loss: 4.6537
Training accuracy: 0.2386

============ Epoch 78 ============
Training time: 301.02
Training loss: 4.6496
Training accuracy: 0.2416

============ Epoch 79 ============
Training time: 301.01
Training loss: 4.6499
Training accuracy: 0.2419

============ Epoch 80 ============
Training time: 301.25
Training loss: 4.6505
Training accuracy: 0.2407

============ Epoch 81 ============
Training time: 300.95
Training loss: 4.6486
Training accuracy: 0.2405

============ Epoch 82 ============
Training time: 279.37
Training loss: 4.6492
Training accuracy: 0.2416

============ Epoch 83 ============
Training time: 278.19
Training loss: 4.6500
Training accuracy: 0.2392

============ Epoch 84 ============
Training time: 280.57
Training loss: 4.6484
Training accuracy: 0.2404

============ Epoch 85 ============
Training time: 286.66
Training loss: 4.6474
Training accuracy: 0.2424

============ Epoch 86 ============
Training time: 300.92
Training loss: 4.6485
Training accuracy: 0.2410

============ Epoch 87 ============
Training time: 300.95
Training loss: 4.6474
Training accuracy: 0.2423

============ Epoch 88 ============
Training time: 300.96
Training loss: 4.6468
Training accuracy: 0.2434

============ Epoch 89 ============
Training time: 300.86
Training loss: 4.6476
Training accuracy: 0.2417

============ Epoch 90 ============
Training time: 300.83
Training loss: 4.6466
Training accuracy: 0.2423
Test time: 63.40
Test accuracy: 0.4081
FGSM accuracy: 0.2505
PGD accuracy: 0.2411

============ Epoch 91 ============
Training time: 301.19
Training loss: 4.6479
Training accuracy: 0.2434
Test time: 63.40
Test accuracy: 0.4096
FGSM accuracy: 0.2495
PGD accuracy: 0.2416

============ Epoch 92 ============
Training time: 301.21
Training loss: 4.6456
Training accuracy: 0.2425
Test time: 63.44
Test accuracy: 0.4102
FGSM accuracy: 0.2487
PGD accuracy: 0.2424

============ Epoch 93 ============
Training time: 301.25
Training loss: 4.6462
Training accuracy: 0.2437
Test time: 63.42
Test accuracy: 0.4105
FGSM accuracy: 0.2498
PGD accuracy: 0.2421

============ Epoch 94 ============
Training time: 301.32
Training loss: 4.6440
Training accuracy: 0.2438
Test time: 67.57
Test accuracy: 0.4104
FGSM accuracy: 0.2505
PGD accuracy: 0.2410

============ Epoch 95 ============
Training time: 296.46
Training loss: 4.6447
Training accuracy: 0.2429
Test time: 89.05
Test accuracy: 0.4084
FGSM accuracy: 0.2512
PGD accuracy: 0.2419

============ Epoch 96 ============
Training time: 281.06
Training loss: 4.6437
Training accuracy: 0.2430
Test time: 113.47
Test accuracy: 0.4074
FGSM accuracy: 0.2514
PGD accuracy: 0.2443

============ Epoch 97 ============
Training time: 244.54
Training loss: 4.6451
Training accuracy: 0.2439
Test time: 63.23
Test accuracy: 0.4096
FGSM accuracy: 0.2506
PGD accuracy: 0.2431

============ Epoch 98 ============
Training time: 223.20
Training loss: 4.6440
Training accuracy: 0.2435
Test time: 63.20
Test accuracy: 0.4099
FGSM accuracy: 0.2507
PGD accuracy: 0.2423

============ Epoch 99 ============
Training time: 363.20
Training loss: 4.6453
Training accuracy: 0.2424
Test time: 119.69
Test accuracy: 0.4113
FGSM accuracy: 0.2495
PGD accuracy: 0.2425

============ Epoch 100 ============
Training time: 422.43
Training loss: 4.6440
Training accuracy: 0.2436
Test time: 119.80
Test accuracy: 0.4114
FGSM accuracy: 0.2517
PGD accuracy: 0.2432

============ Epoch 101 ============
Training time: 270.38
Training loss: 4.6443
Training accuracy: 0.2439
Test time: 77.22
Test accuracy: 0.4110
FGSM accuracy: 0.2515
PGD accuracy: 0.2419

============ Epoch 102 ============
Training time: 425.28
Training loss: 4.6447
Training accuracy: 0.2434
Test time: 120.37
Test accuracy: 0.4099
FGSM accuracy: 0.2507
PGD accuracy: 0.2419

============ Epoch 103 ============
Training time: 424.65
Training loss: 4.6441
Training accuracy: 0.2448
Test time: 88.42
Test accuracy: 0.4113
FGSM accuracy: 0.2523
PGD accuracy: 0.2426

============ Epoch 104 ============
Training time: 280.70
Training loss: 4.6441
Training accuracy: 0.2438
Test time: 120.54
Test accuracy: 0.4117
FGSM accuracy: 0.2507
PGD accuracy: 0.2416

============ Epoch 105 ============
Training time: 425.06
Training loss: 4.4159
Training accuracy: 0.3405
Test time: 120.39
Test accuracy: 0.4227
FGSM accuracy: 0.2579
PGD accuracy: 0.2479

============ Epoch 106 ============
Training time: 349.44
Training loss: 4.3445
Training accuracy: 0.3699
Test time: 63.44
Test accuracy: 0.4350
FGSM accuracy: 0.2623
PGD accuracy: 0.2515

============ Epoch 107 ============
Training time: 375.09
Training loss: 4.3112
Training accuracy: 0.3837
Test time: 120.38
Test accuracy: 0.4428
FGSM accuracy: 0.2665
PGD accuracy: 0.2551

============ Epoch 108 ============
Training time: 425.28
Training loss: 4.2815
Training accuracy: 0.3942
Test time: 120.32
Test accuracy: 0.4511
FGSM accuracy: 0.2693
PGD accuracy: 0.2563

============ Epoch 109 ============
Training time: 254.97
Training loss: 3.8449
Training accuracy: 0.5995
Test time: 120.21
Test accuracy: 0.4798
FGSM accuracy: 0.2717
PGD accuracy: 0.2449

train_acc_list: 
[0.02031, 0.04842, 0.0746, 0.09917, 0.11827, 0.13027, 0.14184, 0.1487, 0.15877, 0.16423, 0.17069, 0.17554, 0.18155, 0.18582, 0.19014, 0.1924, 0.19637, 0.2011, 0.20265, 0.20399, 0.20673, 0.20775, 0.2118, 0.21269, 0.21307, 0.21553, 0.2162, 0.21802, 0.21749, 0.21775, 0.22042, 0.22077, 0.22493, 0.22468, 0.22568, 0.22434, 0.22641, 0.22605, 0.2272, 0.22647, 0.23008, 0.23087, 0.2308, 0.23214, 0.23018, 0.23085, 0.23148, 0.23394, 0.23249, 0.23295, 0.23407, 0.23541, 0.23324, 0.23448, 0.23643, 0.23488, 0.23673, 0.23487, 0.23615, 0.23647, 0.23779, 0.23734, 0.23705, 0.23755, 0.23801, 0.23829, 0.23824, 0.23935, 0.23971, 0.2395, 0.23848, 0.24021, 0.23996, 0.23856, 0.24031, 0.23886, 0.23934, 0.23862, 0.24158, 0.24189, 0.24071, 0.2405, 0.24158, 0.23921, 0.24035, 0.24238, 0.24101, 0.24231, 0.24338, 0.24167, 0.24233, 0.2434, 0.24252, 0.24366, 0.24383, 0.24294, 0.24298, 0.24386, 0.24355, 0.24236, 0.24357, 0.24389, 0.24338, 0.24476, 0.24379, 0.34054, 0.36989, 0.38371, 0.39416, 0.59954]

test_acc_list: 
[0.4081, 0.4096, 0.4102, 0.4105, 0.4104, 0.4084, 0.4074, 0.4096, 0.4099, 0.4113, 0.4114, 0.411, 0.4099, 0.4113, 0.4117, 0.4227, 0.435, 0.4428, 0.4511, 0.4798]

pgd_acc_list: 
[0.2411, 0.2416, 0.2424, 0.2421, 0.241, 0.2419, 0.2443, 0.2431, 0.2423, 0.2425, 0.2432, 0.2419, 0.2419, 0.2426, 0.2416, 0.2479, 0.2515, 0.2551, 0.2563, 0.2449]

fgsm_acc_list: 
[0.2505, 0.2495, 0.2487, 0.2498, 0.2505, 0.2512, 0.2514, 0.2506, 0.2507, 0.2495, 0.2517, 0.2515, 0.2507, 0.2523, 0.2507, 0.2579, 0.2623, 0.2665, 0.2693, 0.2717]

total_training_time: 
29912.930302381516

total_test_time: 
1840.9536232948303

