scheduler: MultiStepLR
label smoothing: 0.4
weight average: True, tau: 0.9995


============ Epoch 0 ============
Training time: 45.04
Training loss: 2.6529
Training accuracy: 0.1484

============ Epoch 1 ============
Training time: 42.55
Training loss: 2.2618
Training accuracy: 0.1935

============ Epoch 2 ============
Training time: 43.15
Training loss: 2.2460
Training accuracy: 0.2114

============ Epoch 3 ============
Training time: 43.36
Training loss: 2.2341
Training accuracy: 0.2309

============ Epoch 4 ============
Training time: 43.13
Training loss: 2.2194
Training accuracy: 0.2574

============ Epoch 5 ============
Training time: 38.68
Training loss: 2.2049
Training accuracy: 0.2788

============ Epoch 6 ============
Training time: 43.36
Training loss: 2.1912
Training accuracy: 0.2978

============ Epoch 7 ============
Training time: 42.29
Training loss: 2.1779
Training accuracy: 0.3151

============ Epoch 8 ============
Training time: 42.41
Training loss: 2.1636
Training accuracy: 0.3366

============ Epoch 9 ============
Training time: 42.59
Training loss: 2.1484
Training accuracy: 0.3575

============ Epoch 10 ============
Training time: 43.40
Training loss: 2.1328
Training accuracy: 0.3814

============ Epoch 11 ============
Training time: 43.07
Training loss: 2.1201
Training accuracy: 0.3993

============ Epoch 12 ============
Training time: 43.35
Training loss: 2.1075
Training accuracy: 0.4217

============ Epoch 13 ============
Training time: 43.84
Training loss: 2.0957
Training accuracy: 0.4394

============ Epoch 14 ============
Training time: 42.91
Training loss: 2.0857
Training accuracy: 0.4494

============ Epoch 15 ============
Training time: 40.86
Training loss: 2.0789
Training accuracy: 0.4606

============ Epoch 16 ============
Training time: 42.97
Training loss: 2.0724
Training accuracy: 0.4750

============ Epoch 17 ============
Training time: 43.56
Training loss: 2.0660
Training accuracy: 0.4811

============ Epoch 18 ============
Training time: 41.83
Training loss: 2.0606
Training accuracy: 0.4906

============ Epoch 19 ============
Training time: 43.31
Training loss: 2.0553
Training accuracy: 0.4956

============ Epoch 20 ============
Training time: 42.20
Training loss: 2.0509
Training accuracy: 0.5023

============ Epoch 21 ============
Training time: 43.50
Training loss: 2.0475
Training accuracy: 0.5062

============ Epoch 22 ============
Training time: 43.48
Training loss: 2.0450
Training accuracy: 0.5092

============ Epoch 23 ============
Training time: 43.95
Training loss: 2.0410
Training accuracy: 0.5154

============ Epoch 24 ============
Training time: 43.20
Training loss: 2.0388
Training accuracy: 0.5169

============ Epoch 25 ============
Training time: 43.35
Training loss: 2.0359
Training accuracy: 0.5243

============ Epoch 26 ============
Training time: 43.17
Training loss: 2.0330
Training accuracy: 0.5262

============ Epoch 27 ============
Training time: 42.45
Training loss: 2.0301
Training accuracy: 0.5292

============ Epoch 28 ============
Training time: 43.24
Training loss: 2.0294
Training accuracy: 0.5289

============ Epoch 29 ============
Training time: 43.80
Training loss: 2.0272
Training accuracy: 0.5362

============ Epoch 30 ============
Training time: 43.85
Training loss: 2.0243
Training accuracy: 0.5374

============ Epoch 31 ============
Training time: 43.58
Training loss: 2.0220
Training accuracy: 0.5395

============ Epoch 32 ============
Training time: 42.73
Training loss: 2.0216
Training accuracy: 0.5393

============ Epoch 33 ============
Training time: 43.64
Training loss: 2.0185
Training accuracy: 0.5428

============ Epoch 34 ============
Training time: 43.18
Training loss: 2.0166
Training accuracy: 0.5461

============ Epoch 35 ============
Training time: 39.87
Training loss: 2.0158
Training accuracy: 0.5453

============ Epoch 36 ============
Training time: 41.31
Training loss: 2.0146
Training accuracy: 0.5477

============ Epoch 37 ============
Training time: 43.58
Training loss: 2.0138
Training accuracy: 0.5499

============ Epoch 38 ============
Training time: 41.46
Training loss: 2.0115
Training accuracy: 0.5528

============ Epoch 39 ============
Training time: 42.54
Training loss: 2.0103
Training accuracy: 0.5519

============ Epoch 40 ============
Training time: 42.59
Training loss: 2.0083
Training accuracy: 0.5524

============ Epoch 41 ============
Training time: 43.29
Training loss: 2.0101
Training accuracy: 0.5525

============ Epoch 42 ============
Training time: 43.71
Training loss: 2.0079
Training accuracy: 0.5562

============ Epoch 43 ============
Training time: 41.16
Training loss: 2.0061
Training accuracy: 0.5587

============ Epoch 44 ============
Training time: 43.97
Training loss: 2.0046
Training accuracy: 0.5580

============ Epoch 45 ============
Training time: 43.63
Training loss: 2.0034
Training accuracy: 0.5611

============ Epoch 46 ============
Training time: 42.68
Training loss: 2.0040
Training accuracy: 0.5600

============ Epoch 47 ============
Training time: 42.86
Training loss: 2.0033
Training accuracy: 0.5610

============ Epoch 48 ============
Training time: 41.55
Training loss: 2.0031
Training accuracy: 0.5636

============ Epoch 49 ============
Training time: 42.48
Training loss: 2.0014
Training accuracy: 0.5623

============ Epoch 50 ============
Training time: 42.98
Training loss: 1.9993
Training accuracy: 0.5628

============ Epoch 51 ============
Training time: 42.45
Training loss: 2.0010
Training accuracy: 0.5641

============ Epoch 52 ============
Training time: 40.86
Training loss: 1.9992
Training accuracy: 0.5628

============ Epoch 53 ============
Training time: 41.72
Training loss: 1.9992
Training accuracy: 0.5659

============ Epoch 54 ============
Training time: 43.76
Training loss: 1.9973
Training accuracy: 0.5675

============ Epoch 55 ============
Training time: 43.45
Training loss: 1.9966
Training accuracy: 0.5694

============ Epoch 56 ============
Training time: 43.54
Training loss: 1.9975
Training accuracy: 0.5699

============ Epoch 57 ============
Training time: 43.29
Training loss: 1.9969
Training accuracy: 0.5678

============ Epoch 58 ============
Training time: 42.52
Training loss: 1.9952
Training accuracy: 0.5696

============ Epoch 59 ============
Training time: 42.82
Training loss: 1.9951
Training accuracy: 0.5690

============ Epoch 60 ============
Training time: 42.32
Training loss: 1.9940
Training accuracy: 0.5718

============ Epoch 61 ============
Training time: 42.72
Training loss: 1.9938
Training accuracy: 0.5702

============ Epoch 62 ============
Training time: 39.53
Training loss: 1.9929
Training accuracy: 0.5721

============ Epoch 63 ============
Training time: 42.62
Training loss: 1.9921
Training accuracy: 0.5730

============ Epoch 64 ============
Training time: 41.88
Training loss: 1.9922
Training accuracy: 0.5729

============ Epoch 65 ============
Training time: 42.22
Training loss: 1.9915
Training accuracy: 0.5739

============ Epoch 66 ============
Training time: 41.11
Training loss: 1.9922
Training accuracy: 0.5732

============ Epoch 67 ============
Training time: 41.96
Training loss: 1.9923
Training accuracy: 0.5762

============ Epoch 68 ============
Training time: 41.24
Training loss: 1.9896
Training accuracy: 0.5778

============ Epoch 69 ============
Training time: 42.09
Training loss: 1.9906
Training accuracy: 0.5749

============ Epoch 70 ============
Training time: 41.63
Training loss: 1.9919
Training accuracy: 0.5769

============ Epoch 71 ============
Training time: 43.54
Training loss: 1.9904
Training accuracy: 0.5775

============ Epoch 72 ============
Training time: 43.57
Training loss: 1.9884
Training accuracy: 0.5785

============ Epoch 73 ============
Training time: 43.13
Training loss: 1.9885
Training accuracy: 0.5780

============ Epoch 74 ============
Training time: 41.03
Training loss: 1.9884
Training accuracy: 0.5785

============ Epoch 75 ============
Training time: 43.72
Training loss: 1.9872
Training accuracy: 0.5816

============ Epoch 76 ============
Training time: 43.70
Training loss: 1.9859
Training accuracy: 0.5811

============ Epoch 77 ============
Training time: 43.95
Training loss: 1.9876
Training accuracy: 0.5782

============ Epoch 78 ============
Training time: 43.87
Training loss: 1.9876
Training accuracy: 0.5825

============ Epoch 79 ============
Training time: 43.64
Training loss: 1.9865
Training accuracy: 0.5815

============ Epoch 80 ============
Training time: 43.41
Training loss: 1.9882
Training accuracy: 0.5801

============ Epoch 81 ============
Training time: 41.65
Training loss: 1.9866
Training accuracy: 0.5828

============ Epoch 82 ============
Training time: 43.06
Training loss: 1.9865
Training accuracy: 0.5815

============ Epoch 83 ============
Training time: 41.93
Training loss: 1.9871
Training accuracy: 0.5804

============ Epoch 84 ============
Training time: 42.39
Training loss: 1.9866
Training accuracy: 0.5803

============ Epoch 85 ============
Training time: 40.73
Training loss: 1.9864
Training accuracy: 0.5819

============ Epoch 86 ============
Training time: 42.46
Training loss: 1.9866
Training accuracy: 0.5807

============ Epoch 87 ============
Training time: 39.24
Training loss: 1.9855
Training accuracy: 0.5830

============ Epoch 88 ============
Training time: 42.04
Training loss: 1.9844
Training accuracy: 0.5823

============ Epoch 89 ============
Training time: 41.77
Training loss: 1.9852
Training accuracy: 0.5831

============ Epoch 90 ============
Training time: 42.58
Training loss: 1.9862
Training accuracy: 0.5828
Test time: 22.91
Test accuracy: 0.7379
FGSM accuracy: 0.5592
PGD accuracy: 0.5424

============ Epoch 91 ============
Training time: 43.39
Training loss: 1.9848
Training accuracy: 0.5822
Test time: 23.14
Test accuracy: 0.7390
FGSM accuracy: 0.5600
PGD accuracy: 0.5452

============ Epoch 92 ============
Training time: 41.71
Training loss: 1.9823
Training accuracy: 0.5864
Test time: 23.19
Test accuracy: 0.7407
FGSM accuracy: 0.5611
PGD accuracy: 0.5456

============ Epoch 93 ============
Training time: 43.66
Training loss: 1.9833
Training accuracy: 0.5840
Test time: 22.65
Test accuracy: 0.7408
FGSM accuracy: 0.5611
PGD accuracy: 0.5459

============ Epoch 94 ============
Training time: 43.14
Training loss: 1.9838
Training accuracy: 0.5838
Test time: 22.84
Test accuracy: 0.7408
FGSM accuracy: 0.5603
PGD accuracy: 0.5463

============ Epoch 95 ============
Training time: 42.01
Training loss: 1.9831
Training accuracy: 0.5837
Test time: 22.06
Test accuracy: 0.7416
FGSM accuracy: 0.5620
PGD accuracy: 0.5485

============ Epoch 96 ============
Training time: 42.15
Training loss: 1.9828
Training accuracy: 0.5857
Test time: 23.22
Test accuracy: 0.7421
FGSM accuracy: 0.5618
PGD accuracy: 0.5475

============ Epoch 97 ============
Training time: 41.59
Training loss: 1.9838
Training accuracy: 0.5833
Test time: 21.68
Test accuracy: 0.7428
FGSM accuracy: 0.5629
PGD accuracy: 0.5462

============ Epoch 98 ============
Training time: 46.22
Training loss: 1.9835
Training accuracy: 0.5829
Test time: 23.34
Test accuracy: 0.7426
FGSM accuracy: 0.5625
PGD accuracy: 0.5470

============ Epoch 99 ============
Training time: 43.43
Training loss: 1.9818
Training accuracy: 0.5854
Test time: 22.83
Test accuracy: 0.7422
FGSM accuracy: 0.5619
PGD accuracy: 0.5462

============ Epoch 100 ============
Training time: 45.05
Training loss: 1.9135
Training accuracy: 0.6519
Test time: 28.62
Test accuracy: 0.7483
FGSM accuracy: 0.5634
PGD accuracy: 0.5467

============ Epoch 101 ============
Training time: 43.82
Training loss: 1.8866
Training accuracy: 0.6771
Test time: 23.85
Test accuracy: 0.7561
FGSM accuracy: 0.5666
PGD accuracy: 0.5492

============ Epoch 102 ============
Training time: 43.72
Training loss: 1.8777
Training accuracy: 0.6866
Test time: 21.84
Test accuracy: 0.7640
FGSM accuracy: 0.5698
PGD accuracy: 0.5519

============ Epoch 103 ============
Training time: 43.47
Training loss: 1.8703
Training accuracy: 0.6965
Test time: 23.70
Test accuracy: 0.7700
FGSM accuracy: 0.5719
PGD accuracy: 0.5518

============ Epoch 104 ============
Training time: 43.35
Training loss: 1.8641
Training accuracy: 0.7023
Test time: 24.08
Test accuracy: 0.7745
FGSM accuracy: 0.5750
PGD accuracy: 0.5541

============ Epoch 105 ============
Training time: 42.25
Training loss: 1.8479
Training accuracy: 0.7187
Test time: 28.02
Test accuracy: 0.7802
FGSM accuracy: 0.5764
PGD accuracy: 0.5557

============ Epoch 106 ============
Training time: 43.60
Training loss: 1.8427
Training accuracy: 0.7231
Test time: 22.66
Test accuracy: 0.7853
FGSM accuracy: 0.5794
PGD accuracy: 0.5555

============ Epoch 107 ============
Training time: 45.71
Training loss: 1.8402
Training accuracy: 0.7225
Test time: 36.69
Test accuracy: 0.7909
FGSM accuracy: 0.5817
PGD accuracy: 0.5547

============ Epoch 108 ============
Training time: 78.64
Training loss: 1.8380
Training accuracy: 0.7278
Test time: 36.84
Test accuracy: 0.7954
FGSM accuracy: 0.5836
PGD accuracy: 0.5557

============ Epoch 109 ============
Training time: 73.19
Training loss: 1.8362
Training accuracy: 0.7290
Test time: 36.71
Test accuracy: 0.8004
FGSM accuracy: 0.5850
PGD accuracy: 0.5567

train_acc_list: 
[0.14838, 0.1935, 0.2114, 0.23088, 0.25744, 0.27884, 0.29776, 0.3151, 0.33656, 0.35754, 0.38144, 0.39928, 0.42168, 0.43942, 0.44942, 0.46058, 0.475, 0.4811, 0.4906, 0.49556, 0.50234, 0.5062, 0.50918, 0.5154, 0.51694, 0.5243, 0.5262, 0.52916, 0.52886, 0.53618, 0.53742, 0.5395, 0.53932, 0.54284, 0.54606, 0.54532, 0.54772, 0.54988, 0.55282, 0.55188, 0.5524, 0.55248, 0.55622, 0.55874, 0.55804, 0.56112, 0.55998, 0.56102, 0.56356, 0.5623, 0.56282, 0.56406, 0.56276, 0.56594, 0.5675, 0.56944, 0.56992, 0.56782, 0.56956, 0.569, 0.57178, 0.57022, 0.5721, 0.57304, 0.5729, 0.5739, 0.5732, 0.57618, 0.57782, 0.57494, 0.57688, 0.57748, 0.57846, 0.57798, 0.57852, 0.58156, 0.58108, 0.57824, 0.5825, 0.58148, 0.58006, 0.58276, 0.58148, 0.58044, 0.58028, 0.58192, 0.58068, 0.58302, 0.58234, 0.58308, 0.58282, 0.58216, 0.58636, 0.58404, 0.58384, 0.58374, 0.5857, 0.58326, 0.5829, 0.58538, 0.65186, 0.67714, 0.68662, 0.69652, 0.7023, 0.71868, 0.7231, 0.72248, 0.72782, 0.72902]

test_acc_list: 
[0.7379, 0.739, 0.7407, 0.7408, 0.7408, 0.7416, 0.7421, 0.7428, 0.7426, 0.7422, 0.7483, 0.7561, 0.764, 0.77, 0.7745, 0.7802, 0.7853, 0.7909, 0.7954, 0.8004]

pgd_acc_list: 
[0.5424, 0.5452, 0.5456, 0.5459, 0.5463, 0.5485, 0.5475, 0.5462, 0.547, 0.5462, 0.5467, 0.5492, 0.5519, 0.5518, 0.5541, 0.5557, 0.5555, 0.5547, 0.5557, 0.5567]

fgsm_acc_list: 
[0.5592, 0.56, 0.5611, 0.5611, 0.5603, 0.562, 0.5618, 0.5629, 0.5625, 0.5619, 0.5634, 0.5666, 0.5698, 0.5719, 0.575, 0.5764, 0.5794, 0.5817, 0.5836, 0.585]

total_training_time: 
4769.871315956116

total_test_time: 
510.84769105911255

